#
# There is insufficient memory for the Java Runtime Environment to continue.
# Native memory allocation (mmap) failed to map 32505856 bytes for committing reserved memory.
# Possible reasons:
#   The system is out of physical RAM or swap space
#   In 32 bit mode, the process size limit was hit
# Possible solutions:
#   Reduce memory load on the system
#   Increase physical memory or swap space
#   Check if swap backing store is full
#   Use 64 bit Java on a 64 bit OS
#   Decrease Java heap size (-Xmx/-Xms)
#   Decrease number of Java threads
#   Decrease Java thread stack sizes (-Xss)
#   Set larger code cache with -XX:ReservedCodeCacheSize=
# This output file may be truncated or incomplete.
#
#  Out of Memory Error (os_linux.cpp:2640), pid=29503, tid=0x00007f49db672700
#
# JRE version: Java(TM) SE Runtime Environment (8.0_171-b11) (build 1.8.0_171-b11)
# Java VM: Java HotSpot(TM) 64-Bit Server VM (25.171-b11 mixed mode linux-amd64 compressed oops)
# Failed to write core dump. Core dumps have been disabled. To enable core dumping, try "ulimit -c unlimited" before starting Java again
#

---------------  T H R E A D  ---------------

Current thread (0x00007f49f807a800):  VMThread [stack: 0x00007f49db573000,0x00007f49db673000] [id=29513]

Stack: [0x00007f49db573000,0x00007f49db673000],  sp=0x00007f49db671140,  free space=1016k
Native frames: (J=compiled Java code, j=interpreted, Vv=VM code, C=native code)
V  [libjvm.so+0xacfffa]  VMError::report_and_die()+0x2ba
V  [libjvm.so+0x5005cb]  report_vm_out_of_memory(char const*, int, unsigned long, VMErrorType, char const*)+0x8b
V  [libjvm.so+0x92dd93]  os::Linux::commit_memory_impl(char*, unsigned long, bool)+0x123
V  [libjvm.so+0x92dfb9]  os::pd_commit_memory(char*, unsigned long, unsigned long, bool)+0x29
V  [libjvm.so+0x92527a]  os::commit_memory(char*, unsigned long, unsigned long, bool)+0x2a
V  [libjvm.so+0x99b223]  PSVirtualSpace::expand_by(unsigned long)+0x53
V  [libjvm.so+0x99c628]  PSYoungGen::resize_generation(unsigned long, unsigned long)+0xf8
V  [libjvm.so+0x99b782]  PSYoungGen::resize(unsigned long, unsigned long)+0x22
V  [libjvm.so+0x998a5b]  PSScavenge::invoke_no_policy()+0xf3b
V  [libjvm.so+0x9991e1]  PSScavenge::invoke()+0x41
V  [libjvm.so+0x94fcb0]  ParallelScavengeHeap::failed_mem_allocate(unsigned long)+0x70
V  [libjvm.so+0xad1a77]  VM_ParallelGCFailedAllocation::doit()+0x97
V  [libjvm.so+0xad9595]  VM_Operation::evaluate()+0x55
V  [libjvm.so+0xad795a]  VMThread::evaluate_operation(VM_Operation*)+0xba
V  [libjvm.so+0xad7cde]  VMThread::loop()+0x1ce
V  [libjvm.so+0xad8150]  VMThread::run()+0x70
V  [libjvm.so+0x92e0f8]  java_start(Thread*)+0x108

VM_Operation (0x00007f4a01ca15a0): ParallelGCFailedAllocation, mode: safepoint, requested by thread 0x00007f49f800c000


---------------  P R O C E S S  ---------------

Java Threads: ( => current thread )
  0x00007f49f80c3000 JavaThread "Service Thread" daemon [_thread_blocked, id=29520, stack(0x00007f49da49c000,0x00007f49da59d000)]
  0x00007f49f80c0000 JavaThread "C1 CompilerThread2" daemon [_thread_blocked, id=29519, stack(0x00007f49da59e000,0x00007f49da69e000)]
  0x00007f49f80be000 JavaThread "C2 CompilerThread1" daemon [_thread_blocked, id=29518, stack(0x00007f49da69f000,0x00007f49da79f000)]
  0x00007f49f80bb000 JavaThread "C2 CompilerThread0" daemon [_thread_blocked, id=29517, stack(0x00007f49da7a0000,0x00007f49da8a0000)]
  0x00007f49f80b9800 JavaThread "Signal Dispatcher" daemon [_thread_blocked, id=29516, stack(0x00007f49da8a0000,0x00007f49da9a1000)]
  0x00007f49f8086800 JavaThread "Finalizer" daemon [_thread_blocked, id=29515, stack(0x00007f49db370000,0x00007f49db471000)]
  0x00007f49f8082000 JavaThread "Reference Handler" daemon [_thread_blocked, id=29514, stack(0x00007f49db471000,0x00007f49db572000)]
  0x00007f49f800c000 JavaThread "main" [_thread_blocked, id=29508, stack(0x00007f4a01ba8000,0x00007f4a01ca8000)]

Other Threads:
=>0x00007f49f807a800 VMThread [stack: 0x00007f49db573000,0x00007f49db673000] [id=29513]
  0x00007f49f80c8000 WatcherThread [stack: 0x00007f49da39c000,0x00007f49da49c000] [id=29521]

VM state:at safepoint (normal execution)

VM Mutex/Monitor currently owned by a thread:  ([mutex/lock_event])
[0x00007f49f8008b60] Threads_lock - owner thread: 0x00007f49f807a800
[0x00007f49f8009060] Heap_lock - owner thread: 0x00007f49f800c000

Heap:
 PSYoungGen      total 34304K, used 2544K [0x00000000eb900000, 0x00000000edd00000, 0x0000000100000000)
  eden space 31744K, 0% used [0x00000000eb900000,0x00000000eb900000,0x00000000ed800000)
  from space 2560K, 99% used [0x00000000ed800000,0x00000000eda7c030,0x00000000eda80000)
  to   space 2560K, 0% used [0x00000000eda80000,0x00000000eda80000,0x00000000edd00000)
 ParOldGen       total 42496K, used 9777K [0x00000000c2a00000, 0x00000000c5380000, 0x00000000eb900000)
  object space 42496K, 23% used [0x00000000c2a00000,0x00000000c338c620,0x00000000c5380000)
 Metaspace       used 15721K, capacity 16310K, committed 16512K, reserved 1062912K
  class space    used 2018K, capacity 2175K, committed 2176K, reserved 1048576K

Card table byte_map: [0x00007f49fe686000,0x00007f49fe872000] byte_map_base: 0x00007f49fe071000

Marking Bits: (ParMarkBitMap*) 0x00007f4a01041280
 Begin Bits: [0x00007f49fc28a000, 0x00007f49fd1e2000)
 End Bits:   [0x00007f49fd1e2000, 0x00007f49fe13a000)

Polling page: 0x00007f4a01cbe000

CodeCache: size=245760Kb used=4611Kb max_used=4622Kb free=241148Kb
 bounds [0x00007f49e9000000, 0x00007f49e9490000, 0x00007f49f8000000]
 total_blobs=1804 nmethods=1458 adapters=259
 compilation: enabled

Compilation events (10 events):
Event: 2.931 Thread 0x00007f49f80c0000 nmethod 1456 0x00007f49e9481290 code [0x00007f49e9481400, 0x00007f49e9481690]
Event: 2.931 Thread 0x00007f49f80c0000 1457       3       org.springframework.util.LinkedMultiValueMap$$Lambda$6/127618319::apply (5 bytes)
Event: 2.932 Thread 0x00007f49f80c0000 nmethod 1457 0x00007f49e9482cd0 code [0x00007f49e9482e60, 0x00007f49e9483250]
Event: 2.932 Thread 0x00007f49f80c0000 1458       3       org.springframework.util.LinkedMultiValueMap::lambda$add$0 (8 bytes)
Event: 2.932 Thread 0x00007f49f80c0000 nmethod 1458 0x00007f49e94834d0 code [0x00007f49e9483660, 0x00007f49e94839d0]
Event: 2.932 Thread 0x00007f49f80c0000 1453       1       org.springframework.beans.factory.support.AbstractBeanDefinition::isSynthetic (5 bytes)
Event: 2.932 Thread 0x00007f49f80c0000 nmethod 1453 0x00007f49e9483b90 code [0x00007f49e9483ce0, 0x00007f49e9483df0]
Event: 2.932 Thread 0x00007f49f80c0000 1455       1       org.springframework.boot.autoconfigure.condition.ConditionOutcome::isMatch (5 bytes)
Event: 2.933 Thread 0x00007f49f80c0000 nmethod 1455 0x00007f49e9483e50 code [0x00007f49e9483fa0, 0x00007f49e94840b0]
Event: 2.933 Thread 0x00007f49f80bb000 nmethod 1454 0x00007f49e94858d0 code [0x00007f49e9485a20, 0x00007f49e9485af8]

GC Heap History (5 events):
Event: 1.536 GC heap before
{Heap before GC invocations=1 (full 0):
 PSYoungGen      total 18432K, used 15872K [0x00000000eb900000, 0x00000000ecd80000, 0x0000000100000000)
  eden space 15872K, 100% used [0x00000000eb900000,0x00000000ec880000,0x00000000ec880000)
  from space 2560K, 0% used [0x00000000ecb00000,0x00000000ecb00000,0x00000000ecd80000)
  to   space 2560K, 0% used [0x00000000ec880000,0x00000000ec880000,0x00000000ecb00000)
 ParOldGen       total 42496K, used 0K [0x00000000c2a00000, 0x00000000c5380000, 0x00000000eb900000)
  object space 42496K, 0% used [0x00000000c2a00000,0x00000000c2a00000,0x00000000c5380000)
 Metaspace       used 8192K, capacity 8360K, committed 8576K, reserved 1056768K
  class space    used 990K, capacity 1046K, committed 1152K, reserved 1048576K
Event: 1.553 GC heap after
Heap after GC invocations=1 (full 0):
 PSYoungGen      total 18432K, used 2534K [0x00000000eb900000, 0x00000000edd00000, 0x0000000100000000)
  eden space 15872K, 0% used [0x00000000eb900000,0x00000000eb900000,0x00000000ec880000)
  from space 2560K, 98% used [0x00000000ec880000,0x00000000ecaf9878,0x00000000ecb00000)
  to   space 2560K, 0% used [0x00000000eda80000,0x00000000eda80000,0x00000000edd00000)
 ParOldGen       total 42496K, used 785K [0x00000000c2a00000, 0x00000000c5380000, 0x00000000eb900000)
  object space 42496K, 1% used [0x00000000c2a00000,0x00000000c2ac4740,0x00000000c5380000)
 Metaspace       used 8192K, capacity 8360K, committed 8576K, reserved 1056768K
  class space    used 990K, capacity 1046K, committed 1152K, reserved 1048576K
}
Event: 2.049 GC heap before
{Heap before GC invocations=2 (full 0):
 PSYoungGen      total 18432K, used 18406K [0x00000000eb900000, 0x00000000edd00000, 0x0000000100000000)
  eden space 15872K, 100% used [0x00000000eb900000,0x00000000ec880000,0x00000000ec880000)
  from space 2560K, 98% used [0x00000000ec880000,0x00000000ecaf9878,0x00000000ecb00000)
  to   space 2560K, 0% used [0x00000000eda80000,0x00000000eda80000,0x00000000edd00000)
 ParOldGen       total 42496K, used 785K [0x00000000c2a00000, 0x00000000c5380000, 0x00000000eb900000)
  object space 42496K, 1% used [0x00000000c2a00000,0x00000000c2ac4740,0x00000000c5380000)
 Metaspace       used 11305K, capacity 11614K, committed 11776K, reserved 1058816K
  class space    used 1411K, capacity 1523K, committed 1536K, reserved 1048576K
Event: 2.068 GC heap after
Heap after GC invocations=2 (full 0):
 PSYoungGen      total 34304K, used 2528K [0x00000000eb900000, 0x00000000edd00000, 0x0000000100000000)
  eden space 31744K, 0% used [0x00000000eb900000,0x00000000eb900000,0x00000000ed800000)
  from space 2560K, 98% used [0x00000000eda80000,0x00000000edcf8020,0x00000000edd00000)
  to   space 2560K, 0% used [0x00000000ed800000,0x00000000ed800000,0x00000000eda80000)
 ParOldGen       total 42496K, used 5261K [0x00000000c2a00000, 0x00000000c5380000, 0x00000000eb900000)
  object space 42496K, 12% used [0x00000000c2a00000,0x00000000c2f236e0,0x00000000c5380000)
 Metaspace       used 11305K, capacity 11614K, committed 11776K, reserved 1058816K
  class space    used 1411K, capacity 1523K, committed 1536K, reserved 1048576K
}
Event: 2.935 GC heap before
{Heap before GC invocations=3 (full 0):
 PSYoungGen      total 34304K, used 34272K [0x00000000eb900000, 0x00000000edd00000, 0x0000000100000000)
  eden space 31744K, 100% used [0x00000000eb900000,0x00000000ed800000,0x00000000ed800000)
  from space 2560K, 98% used [0x00000000eda80000,0x00000000edcf8020,0x00000000edd00000)
  to   space 2560K, 0% used [0x00000000ed800000,0x00000000ed800000,0x00000000eda80000)
 ParOldGen       total 42496K, used 5261K [0x00000000c2a00000, 0x00000000c5380000, 0x00000000eb900000)
  object space 42496K, 12% used [0x00000000c2a00000,0x00000000c2f236e0,0x00000000c5380000)
 Metaspace       used 15721K, capacity 16310K, committed 16512K, reserved 1062912K
  class space    used 2018K, capacity 2175K, committed 2176K, reserved 1048576K

Deoptimization events (6 events):
Event: 1.417 Thread 0x00007f49f800c000 Uncommon trap: reason=unstable_if action=reinterpret pc=0x00007f49e9185ad4 method=java.lang.String.indexOf([CII[CIII)I @ 3
Event: 1.513 Thread 0x00007f49f8338000 Uncommon trap: reason=range_check action=make_not_entrant pc=0x00007f49e9263580 method=sun.reflect.generics.parser.SignatureParser.current()C @ 34
Event: 1.763 Thread 0x00007f49f8338000 Uncommon trap: reason=unstable_if action=reinterpret pc=0x00007f49e929119c method=java.util.HashMap.getNode(ILjava/lang/Object;)Ljava/util/HashMap$Node; @ 129
Event: 1.948 Thread 0x00007f49f8338000 Uncommon trap: reason=unstable_if action=reinterpret pc=0x00007f49e91aa5cc method=sun.misc.MetaIndex.mayContain(Ljava/lang/String;)Z @ 38
Event: 2.300 Thread 0x00007f49f800c000 Uncommon trap: reason=unstable_if action=reinterpret pc=0x00007f49e932999c method=java.io.UnixFileSystem.normalize(Ljava/lang/String;)Ljava/lang/String; @ 60
Event: 2.546 Thread 0x00007f49f800c000 Uncommon trap: reason=bimorphic action=maybe_recompile pc=0x00007f49e93bf22c method=java.util.HashMap.putVal(ILjava/lang/Object;Ljava/lang/Object;ZZ)Ljava/lang/Object; @ 203

Classes redefined (0 events):
No events

Internal exceptions (10 events):
Event: 2.418 Thread 0x00007f49f800c000 Exception <a 'java/lang/ClassNotFoundException': java/lang/ObjectCustomizer> (0x00000000ec8209c0) thrown at [/HUDSON/workspace/8-2-build-linux-amd64/jdk8u171/10807/hotspot/src/share/vm/classfile/systemDictionary.cpp, line 210]
Event: 2.425 Thread 0x00007f49f800c000 Exception <a 'java/lang/ClassNotFoundException': org/springframework/context/annotation/ConfigurationClassPostProcessorCustomizer> (0x00000000ec832bb8) thrown at [/HUDSON/workspace/8-2-build-linux-amd64/jdk8u171/10807/hotspot/src/share/vm/classfile/system
Event: 2.431 Thread 0x00007f49f800c000 Exception <a 'java/lang/ClassNotFoundException': org/springframework/beans/factory/support/BeanDefinitionRegistryPostProcessorCustomizer> (0x00000000ec87bc98) thrown at [/HUDSON/workspace/8-2-build-linux-amd64/jdk8u171/10807/hotspot/src/share/vm/classfile
Event: 2.431 Thread 0x00007f49f800c000 Exception <a 'java/lang/ClassNotFoundException': org/springframework/core/PriorityOrderedCustomizer> (0x00000000ec885318) thrown at [/HUDSON/workspace/8-2-build-linux-amd64/jdk8u171/10807/hotspot/src/share/vm/classfile/systemDictionary.cpp, line 210]
Event: 2.431 Thread 0x00007f49f800c000 Exception <a 'java/lang/ClassNotFoundException': org/springframework/context/ResourceLoaderAwareCustomizer> (0x00000000ec88e428) thrown at [/HUDSON/workspace/8-2-build-linux-amd64/jdk8u171/10807/hotspot/src/share/vm/classfile/systemDictionary.cpp, line 21
Event: 2.432 Thread 0x00007f49f800c000 Exception <a 'java/lang/ClassNotFoundException': org/springframework/beans/factory/BeanClassLoaderAwareCustomizer> (0x00000000ec899148) thrown at [/HUDSON/workspace/8-2-build-linux-amd64/jdk8u171/10807/hotspot/src/share/vm/classfile/systemDictionary.cpp, 
Event: 2.432 Thread 0x00007f49f800c000 Exception <a 'java/lang/ClassNotFoundException': org/springframework/context/EnvironmentAwareCustomizer> (0x00000000ec8a3020) thrown at [/HUDSON/workspace/8-2-build-linux-amd64/jdk8u171/10807/hotspot/src/share/vm/classfile/systemDictionary.cpp, line 210]
Event: 2.439 Thread 0x00007f49f800c000 Exception <a 'java/lang/NoClassDefFoundError': org/reactivestreams/Publisher> (0x00000000ec8fa138) thrown at [/HUDSON/workspace/8-2-build-linux-amd64/jdk8u171/10807/hotspot/src/share/vm/classfile/systemDictionary.cpp, line 199]
Event: 2.440 Thread 0x00007f49f800c000 Exception <a 'java/lang/NoClassDefFoundError': rx/Observable> (0x00000000ec904360) thrown at [/HUDSON/workspace/8-2-build-linux-amd64/jdk8u171/10807/hotspot/src/share/vm/classfile/systemDictionary.cpp, line 199]
Event: 2.440 Thread 0x00007f49f800c000 Exception <a 'java/lang/NoClassDefFoundError': org/reactivestreams/Publisher> (0x00000000ec90f7c8) thrown at [/HUDSON/workspace/8-2-build-linux-amd64/jdk8u171/10807/hotspot/src/share/vm/classfile/systemDictionary.cpp, line 199]

Events (10 events):
Event: 2.910 loading class org/springframework/context/annotation/ConfigurationClassBeanDefinitionReader$ConfigurationClassBeanDefinition done
Event: 2.925 loading class org/springframework/util/ReflectionUtils$MethodCallback
Event: 2.925 loading class org/springframework/util/ReflectionUtils$MethodCallback done
Event: 2.927 loading class org/springframework/boot/autoconfigure/jmx/JmxAutoConfiguration
Event: 2.927 loading class org/springframework/boot/autoconfigure/jmx/JmxAutoConfiguration done
Event: 2.931 loading class org/springframework/jmx/export/naming/ObjectNamingStrategy
Event: 2.931 loading class org/springframework/jmx/export/naming/ObjectNamingStrategy done
Event: 2.934 loading class org/springframework/jmx/export/metadata/JmxAttributeSource
Event: 2.934 loading class org/springframework/jmx/export/metadata/JmxAttributeSource done
Event: 2.934 Executing VM operation: ParallelGCFailedAllocation


Dynamic libraries:
00400000-00401000 r-xp 00000000 08:01 2629988                            /usr/lib/jvm/java-8-oracle/bin/java
00600000-00601000 rw-p 00000000 08:01 2629988                            /usr/lib/jvm/java-8-oracle/bin/java
0242a000-0244b000 rw-p 00000000 00:00 0                                  [heap]
c2a00000-c5380000 rw-p 00000000 00:00 0 
c5380000-eb900000 ---p 00000000 00:00 0 
eb900000-edd00000 rw-p 00000000 00:00 0 
efc00000-100000000 ---p 00000000 00:00 0 
100000000-100220000 rw-p 00000000 00:00 0 
100220000-140000000 ---p 00000000 00:00 0 
7f49a8000000-7f49a80ad000 rw-p 00000000 00:00 0 
7f49a80ad000-7f49ac000000 ---p 00000000 00:00 0 
7f49acfff000-7f49b0000000 rw-p 00000000 00:00 0 
7f49b0000000-7f49b0021000 rw-p 00000000 00:00 0 
7f49b0021000-7f49b4000000 ---p 00000000 00:00 0 
7f49b4000000-7f49b4021000 rw-p 00000000 00:00 0 
7f49b4021000-7f49b8000000 ---p 00000000 00:00 0 
7f49b8000000-7f49b8159000 rw-p 00000000 00:00 0 
7f49b8159000-7f49bc000000 ---p 00000000 00:00 0 
7f49bc000000-7f49bc315000 rw-p 00000000 00:00 0 
7f49bc315000-7f49c0000000 ---p 00000000 00:00 0 
7f49c0000000-7f49c0021000 rw-p 00000000 00:00 0 
7f49c0021000-7f49c4000000 ---p 00000000 00:00 0 
7f49c4000000-7f49c42eb000 rw-p 00000000 00:00 0 
7f49c42eb000-7f49c8000000 ---p 00000000 00:00 0 
7f49c8000000-7f49c8021000 rw-p 00000000 00:00 0 
7f49c8021000-7f49cc000000 ---p 00000000 00:00 0 
7f49cc000000-7f49cc021000 rw-p 00000000 00:00 0 
7f49cc021000-7f49d0000000 ---p 00000000 00:00 0 
7f49d0000000-7f49d0290000 rw-p 00000000 00:00 0 
7f49d0290000-7f49d4000000 ---p 00000000 00:00 0 
7f49d4000000-7f49d4021000 rw-p 00000000 00:00 0 
7f49d4021000-7f49d8000000 ---p 00000000 00:00 0 
7f49d95c4000-7f49d95d5000 r-xp 00000000 08:01 5245815                    /usr/lib/jvm/java-8-oracle/jre/lib/amd64/libnio.so
7f49d95d5000-7f49d97d4000 ---p 00011000 08:01 5245815                    /usr/lib/jvm/java-8-oracle/jre/lib/amd64/libnio.so
7f49d97d4000-7f49d97d5000 rw-p 00010000 08:01 5245815                    /usr/lib/jvm/java-8-oracle/jre/lib/amd64/libnio.so
7f49d97d5000-7f49d99d5000 rw-p 00000000 00:00 0 
7f49d99d5000-7f49d99eb000 r-xp 00000000 08:01 5245812                    /usr/lib/jvm/java-8-oracle/jre/lib/amd64/libnet.so
7f49d99eb000-7f49d9beb000 ---p 00016000 08:01 5245812                    /usr/lib/jvm/java-8-oracle/jre/lib/amd64/libnet.so
7f49d9beb000-7f49d9bec000 rw-p 00016000 08:01 5245812                    /usr/lib/jvm/java-8-oracle/jre/lib/amd64/libnet.so
7f49d9bec000-7f49d9bf5000 r-xp 00000000 08:01 5245820                    /usr/lib/jvm/java-8-oracle/jre/lib/amd64/libmanagement.so
7f49d9bf5000-7f49d9df4000 ---p 00009000 08:01 5245820                    /usr/lib/jvm/java-8-oracle/jre/lib/amd64/libmanagement.so
7f49d9df4000-7f49d9df5000 rw-p 00008000 08:01 5245820                    /usr/lib/jvm/java-8-oracle/jre/lib/amd64/libmanagement.so
7f49d9df5000-7f49d9ff5000 rw-p 00000000 00:00 0 
7f49d9ff5000-7f49d9ffa000 r--s 002f9000 08:01 3938502                    /usr/lib/jvm/java-8-oracle/jre/lib/charsets.jar
7f49d9ffa000-7f49da1fa000 rw-p 00000000 00:00 0 
7f49da1fa000-7f49da1fd000 ---p 00000000 00:00 0 
7f49da1fd000-7f49da2fb000 rw-p 00000000 00:00 0 
7f49da2fb000-7f49da2fd000 r--s 00009000 08:01 5904390                    /home/g/.m2/repository/org/slf4j/slf4j-api/1.7.25/slf4j-api-1.7.25.jar
7f49da2fd000-7f49da304000 r--s 00042000 08:01 5904374                    /home/g/.m2/repository/org/yaml/snakeyaml/1.19/snakeyaml-1.19.jar
7f49da304000-7f49da306000 r--s 00004000 08:01 5904372                    /home/g/.m2/repository/org/springframework/spring-jcl/5.0.7.RELEASE/spring-jcl-5.0.7.RELEASE.jar
7f49da306000-7f49da31e000 r--s 00114000 08:01 5904369                    /home/g/.m2/repository/org/springframework/spring-core/5.0.7.RELEASE/spring-core-5.0.7.RELEASE.jar
7f49da31e000-7f49da320000 r--s 00005000 08:01 5904367                    /home/g/.m2/repository/javax/annotation/javax.annotation-api/1.3.2/javax.annotation-api-1.3.2.jar
7f49da320000-7f49da326000 r--s 00039000 08:01 5904363                    /home/g/.m2/repository/org/apache/logging/log4j/log4j-api/2.10.0/log4j-api-2.10.0.jar
7f49da326000-7f49da331000 r--s 00069000 08:01 5904359                    /home/g/.m2/repository/ch/qos/logback/logback-core/1.2.3/logback-core-1.2.3.jar
7f49da331000-7f49da337000 r--s 00041000 08:01 5904357                    /home/g/.m2/repository/ch/qos/logback/logback-classic/1.2.3/logback-classic-1.2.3.jar
7f49da337000-7f49da357000 r--s 000fc000 08:01 5904353                    /home/g/.m2/repository/org/springframework/boot/spring-boot-autoconfigure/2.0.3.RELEASE/spring-boot-autoconfigure-2.0.3.RELEASE.jar
7f49da357000-7f49da363000 r--s 00096000 08:01 5904349                    /home/g/.m2/repository/org/springframework/spring-beans/5.0.7.RELEASE/spring-beans-5.0.7.RELEASE.jar
7f49da363000-7f49da36c000 r--s 00051000 08:01 5904347                    /home/g/.m2/repository/org/springframework/spring-aop/5.0.7.RELEASE/spring-aop-5.0.7.RELEASE.jar
7f49da36c000-7f49da386000 r--s 000f1000 08:01 5904345                    /home/g/.m2/repository/org/springframework/spring-context/5.0.7.RELEASE/spring-context-5.0.7.RELEASE.jar
7f49da386000-7f49da39b000 r--s 000cf000 08:01 5904343                    /home/g/.m2/repository/org/springframework/boot/spring-boot/2.0.3.RELEASE/spring-boot-2.0.3.RELEASE.jar
7f49da39b000-7f49da39c000 ---p 00000000 00:00 0 
7f49da39c000-7f49da49c000 rw-p 00000000 00:00 0 
7f49da49c000-7f49da49f000 ---p 00000000 00:00 0 
7f49da49f000-7f49da59d000 rw-p 00000000 00:00 0 
7f49da59d000-7f49da59e000 ---p 00000000 00:00 0 
7f49da59e000-7f49da5a1000 ---p 00000000 00:00 0 
7f49da5a1000-7f49da69e000 rw-p 00000000 00:00 0 
7f49da69e000-7f49da69f000 ---p 00000000 00:00 0 
7f49da69f000-7f49da6a2000 ---p 00000000 00:00 0 
7f49da6a2000-7f49da79f000 rw-p 00000000 00:00 0 
7f49da79f000-7f49da7a0000 ---p 00000000 00:00 0 
7f49da7a0000-7f49da7a3000 ---p 00000000 00:00 0 
7f49da7a3000-7f49da8a0000 rw-p 00000000 00:00 0 
7f49da8a0000-7f49da8a3000 ---p 00000000 00:00 0 
7f49da8a3000-7f49da9a1000 rw-p 00000000 00:00 0 
7f49da9a1000-7f49db370000 r--p 00000000 08:01 2628293                    /usr/lib/locale/locale-archive
7f49db370000-7f49db373000 ---p 00000000 00:00 0 
7f49db373000-7f49db471000 rw-p 00000000 00:00 0 
7f49db471000-7f49db474000 ---p 00000000 00:00 0 
7f49db474000-7f49db572000 rw-p 00000000 00:00 0 
7f49db572000-7f49db573000 ---p 00000000 00:00 0 
7f49db573000-7f49dc000000 rw-p 00000000 00:00 0 
7f49dc000000-7f49dc021000 rw-p 00000000 00:00 0 
7f49dc021000-7f49e0000000 ---p 00000000 00:00 0 
7f49e0000000-7f49e0021000 rw-p 00000000 00:00 0 
7f49e0021000-7f49e4000000 ---p 00000000 00:00 0 
7f49e4000000-7f49e4021000 rw-p 00000000 00:00 0 
7f49e4021000-7f49e8000000 ---p 00000000 00:00 0 
7f49e8001000-7f49e8003000 r--s 00000000 08:01 5904365                    /home/g/.m2/repository/org/slf4j/jul-to-slf4j/1.7.25/jul-to-slf4j-1.7.25.jar
7f49e8003000-7f49e8008000 r--s 00040000 08:01 5904351                    /home/g/.m2/repository/org/springframework/spring-expression/5.0.7.RELEASE/spring-expression-5.0.7.RELEASE.jar
7f49e8008000-7f49e800d000 r--s 00084000 08:01 3938465                    /usr/lib/jvm/java-8-oracle/jre/lib/jfr.jar
7f49e800d000-7f49e8020000 r--s 00345000 08:01 3938508                    /usr/lib/jvm/java-8-oracle/jre/lib/resources.jar
7f49e8020000-7f49e8626000 rw-p 00000000 00:00 0 
7f49e8626000-7f49e8800000 r--s 03d68000 08:01 3938504                    /usr/lib/jvm/java-8-oracle/jre/lib/rt.jar
7f49e8800000-7f49e9000000 rw-p 00000000 00:00 0 
7f49e9000000-7f49e9490000 rwxp 00000000 00:00 0 
7f49e9490000-7f49f8000000 ---p 00000000 00:00 0 
7f49f8000000-7f49f8533000 rw-p 00000000 00:00 0 
7f49f8533000-7f49fc000000 ---p 00000000 00:00 0 
7f49fc001000-7f49fc003000 r--s 00003000 08:01 5904361                    /home/g/.m2/repository/org/apache/logging/log4j/log4j-to-slf4j/2.10.0/log4j-to-slf4j-2.10.0.jar
7f49fc003000-7f49fc008000 r--s 002f9000 08:01 3938502                    /usr/lib/jvm/java-8-oracle/jre/lib/charsets.jar
7f49fc008000-7f49fe13a000 rw-p 00000000 00:00 0 
7f49fe13a000-7f49fe13b000 ---p 00000000 00:00 0 
7f49fe13b000-7f49fe23b000 rw-p 00000000 00:00 0 
7f49fe23b000-7f49fe23c000 ---p 00000000 00:00 0 
7f49fe23c000-7f49fe33c000 rw-p 00000000 00:00 0 
7f49fe33c000-7f49fe33d000 ---p 00000000 00:00 0 
7f49fe33d000-7f49fe43d000 rw-p 00000000 00:00 0 
7f49fe43d000-7f49fe43e000 ---p 00000000 00:00 0 
7f49fe43e000-7f49fe553000 rw-p 00000000 00:00 0 
7f49fe553000-7f49fe686000 ---p 00000000 00:00 0 
7f49fe686000-7f49fe69b000 rw-p 00000000 00:00 0 
7f49fe69b000-7f49fe7cd000 ---p 00000000 00:00 0 
7f49fe7cd000-7f49fe7e0000 rw-p 00000000 00:00 0 
7f49fe7e0000-7f49fe871000 ---p 00000000 00:00 0 
7f49fe871000-7f49fe885000 rw-p 00000000 00:00 0 
7f49fe885000-7f49fec32000 ---p 00000000 00:00 0 
7f49fec32000-7f49fec4d000 r-xp 00000000 08:01 5245808                    /usr/lib/jvm/java-8-oracle/jre/lib/amd64/libzip.so
7f49fec4d000-7f49fee4d000 ---p 0001b000 08:01 5245808                    /usr/lib/jvm/java-8-oracle/jre/lib/amd64/libzip.so
7f49fee4d000-7f49fee4e000 rw-p 0001b000 08:01 5245808                    /usr/lib/jvm/java-8-oracle/jre/lib/amd64/libzip.so
7f49fee4e000-7f49fee59000 r-xp 00000000 08:01 6034182                    /lib/x86_64-linux-gnu/libnss_files-2.27.so
7f49fee59000-7f49ff058000 ---p 0000b000 08:01 6034182                    /lib/x86_64-linux-gnu/libnss_files-2.27.so
7f49ff058000-7f49ff059000 r--p 0000a000 08:01 6034182                    /lib/x86_64-linux-gnu/libnss_files-2.27.so
7f49ff059000-7f49ff05a000 rw-p 0000b000 08:01 6034182                    /lib/x86_64-linux-gnu/libnss_files-2.27.so
7f49ff05a000-7f49ff060000 rw-p 00000000 00:00 0 
7f49ff060000-7f49ff077000 r-xp 00000000 08:01 6034176                    /lib/x86_64-linux-gnu/libnsl-2.27.so
7f49ff077000-7f49ff276000 ---p 00017000 08:01 6034176                    /lib/x86_64-linux-gnu/libnsl-2.27.so
7f49ff276000-7f49ff277000 r--p 00016000 08:01 6034176                    /lib/x86_64-linux-gnu/libnsl-2.27.so
7f49ff277000-7f49ff278000 rw-p 00017000 08:01 6034176                    /lib/x86_64-linux-gnu/libnsl-2.27.so
7f49ff278000-7f49ff27a000 rw-p 00000000 00:00 0 
7f49ff27a000-7f49ff285000 r-xp 00000000 08:01 6034193                    /lib/x86_64-linux-gnu/libnss_nis-2.27.so
7f49ff285000-7f49ff484000 ---p 0000b000 08:01 6034193                    /lib/x86_64-linux-gnu/libnss_nis-2.27.so
7f49ff484000-7f49ff485000 r--p 0000a000 08:01 6034193                    /lib/x86_64-linux-gnu/libnss_nis-2.27.so
7f49ff485000-7f49ff486000 rw-p 0000b000 08:01 6034193                    /lib/x86_64-linux-gnu/libnss_nis-2.27.so
7f49ff486000-7f49ff48e000 r-xp 00000000 08:01 6034178                    /lib/x86_64-linux-gnu/libnss_compat-2.27.so
7f49ff48e000-7f49ff68e000 ---p 00008000 08:01 6034178                    /lib/x86_64-linux-gnu/libnss_compat-2.27.so
7f49ff68e000-7f49ff68f000 r--p 00008000 08:01 6034178                    /lib/x86_64-linux-gnu/libnss_compat-2.27.so
7f49ff68f000-7f49ff690000 rw-p 00009000 08:01 6034178                    /lib/x86_64-linux-gnu/libnss_compat-2.27.so
7f49ff690000-7f49ff6bb000 r-xp 00000000 08:01 5245802                    /usr/lib/jvm/java-8-oracle/jre/lib/amd64/libjava.so
7f49ff6bb000-7f49ff8ba000 ---p 0002b000 08:01 5245802                    /usr/lib/jvm/java-8-oracle/jre/lib/amd64/libjava.so
7f49ff8ba000-7f49ff8bc000 rw-p 0002a000 08:01 5245802                    /usr/lib/jvm/java-8-oracle/jre/lib/amd64/libjava.so
7f49ff8bc000-7f49ff8c9000 r-xp 00000000 08:01 5245807                    /usr/lib/jvm/java-8-oracle/jre/lib/amd64/libverify.so
7f49ff8c9000-7f49ffac9000 ---p 0000d000 08:01 5245807                    /usr/lib/jvm/java-8-oracle/jre/lib/amd64/libverify.so
7f49ffac9000-7f49ffacb000 rw-p 0000d000 08:01 5245807                    /usr/lib/jvm/java-8-oracle/jre/lib/amd64/libverify.so
7f49ffacb000-7f49ffad2000 r-xp 00000000 08:01 6034233                    /lib/x86_64-linux-gnu/librt-2.27.so
7f49ffad2000-7f49ffcd1000 ---p 00007000 08:01 6034233                    /lib/x86_64-linux-gnu/librt-2.27.so
7f49ffcd1000-7f49ffcd2000 r--p 00006000 08:01 6034233                    /lib/x86_64-linux-gnu/librt-2.27.so
7f49ffcd2000-7f49ffcd3000 rw-p 00007000 08:01 6034233                    /lib/x86_64-linux-gnu/librt-2.27.so
7f49ffcd3000-7f49ffe70000 r-xp 00000000 08:01 6034155                    /lib/x86_64-linux-gnu/libm-2.27.so
7f49ffe70000-7f4a0006f000 ---p 0019d000 08:01 6034155                    /lib/x86_64-linux-gnu/libm-2.27.so
7f4a0006f000-7f4a00070000 r--p 0019c000 08:01 6034155                    /lib/x86_64-linux-gnu/libm-2.27.so
7f4a00070000-7f4a00071000 rw-p 0019d000 08:01 6034155                    /lib/x86_64-linux-gnu/libm-2.27.so
7f4a00071000-7f4a00d4a000 r-xp 00000000 08:01 5245784                    /usr/lib/jvm/java-8-oracle/jre/lib/amd64/server/libjvm.so
7f4a00d4a000-7f4a00f49000 ---p 00cd9000 08:01 5245784                    /usr/lib/jvm/java-8-oracle/jre/lib/amd64/server/libjvm.so
7f4a00f49000-7f4a01023000 rw-p 00cd8000 08:01 5245784                    /usr/lib/jvm/java-8-oracle/jre/lib/amd64/server/libjvm.so
7f4a01023000-7f4a0106e000 rw-p 00000000 00:00 0 
7f4a0106e000-7f4a01255000 r-xp 00000000 08:01 6034092                    /lib/x86_64-linux-gnu/libc-2.27.so
7f4a01255000-7f4a01455000 ---p 001e7000 08:01 6034092                    /lib/x86_64-linux-gnu/libc-2.27.so
7f4a01455000-7f4a01459000 r--p 001e7000 08:01 6034092                    /lib/x86_64-linux-gnu/libc-2.27.so
7f4a01459000-7f4a0145b000 rw-p 001eb000 08:01 6034092                    /lib/x86_64-linux-gnu/libc-2.27.so
7f4a0145b000-7f4a0145f000 rw-p 00000000 00:00 0 
7f4a0145f000-7f4a01462000 r-xp 00000000 08:01 6034115                    /lib/x86_64-linux-gnu/libdl-2.27.so
7f4a01462000-7f4a01661000 ---p 00003000 08:01 6034115                    /lib/x86_64-linux-gnu/libdl-2.27.so
7f4a01661000-7f4a01662000 r--p 00002000 08:01 6034115                    /lib/x86_64-linux-gnu/libdl-2.27.so
7f4a01662000-7f4a01663000 rw-p 00003000 08:01 6034115                    /lib/x86_64-linux-gnu/libdl-2.27.so
7f4a01663000-7f4a01679000 r-xp 00000000 08:01 2752572                    /usr/lib/jvm/java-8-oracle/lib/amd64/jli/libjli.so
7f4a01679000-7f4a01878000 ---p 00016000 08:01 2752572                    /usr/lib/jvm/java-8-oracle/lib/amd64/jli/libjli.so
7f4a01878000-7f4a01879000 rw-p 00015000 08:01 2752572                    /usr/lib/jvm/java-8-oracle/lib/amd64/jli/libjli.so
7f4a01879000-7f4a01893000 r-xp 00000000 08:01 6034225                    /lib/x86_64-linux-gnu/libpthread-2.27.so
7f4a01893000-7f4a01a92000 ---p 0001a000 08:01 6034225                    /lib/x86_64-linux-gnu/libpthread-2.27.so
7f4a01a92000-7f4a01a93000 r--p 00019000 08:01 6034225                    /lib/x86_64-linux-gnu/libpthread-2.27.so
7f4a01a93000-7f4a01a94000 rw-p 0001a000 08:01 6034225                    /lib/x86_64-linux-gnu/libpthread-2.27.so
7f4a01a94000-7f4a01a98000 rw-p 00000000 00:00 0 
7f4a01a98000-7f4a01abf000 r-xp 00000000 08:01 6034064                    /lib/x86_64-linux-gnu/ld-2.27.so
7f4a01ac0000-7f4a01ac1000 r--s 00000000 08:01 5904355                    /home/g/.m2/repository/org/springframework/boot/spring-boot-starter-logging/2.0.3.RELEASE/spring-boot-starter-logging-2.0.3.RELEASE.jar
7f4a01ac1000-7f4a01ba7000 rw-p 00000000 00:00 0 
7f4a01ba7000-7f4a01ba8000 ---p 00000000 00:00 0 
7f4a01ba8000-7f4a01bab000 ---p 00000000 00:00 0 
7f4a01bab000-7f4a01cac000 rw-p 00000000 00:00 0 
7f4a01cac000-7f4a01cad000 r--s 00000000 08:01 5904341                    /home/g/.m2/repository/org/springframework/boot/spring-boot-starter/2.0.3.RELEASE/spring-boot-starter-2.0.3.RELEASE.jar
7f4a01cad000-7f4a01cb0000 r--s 0001a000 08:01 3938515                    /usr/lib/jvm/java-8-oracle/jre/lib/jce.jar
7f4a01cb0000-7f4a01cb5000 r--s 0009d000 08:01 3938509                    /usr/lib/jvm/java-8-oracle/jre/lib/jsse.jar
7f4a01cb5000-7f4a01cbd000 rw-s 00000000 08:01 2758582                    /tmp/hsperfdata_g/29503
7f4a01cbd000-7f4a01cbe000 rw-p 00000000 00:00 0 
7f4a01cbe000-7f4a01cbf000 ---p 00000000 00:00 0 
7f4a01cbf000-7f4a01cc0000 r--p 00027000 08:01 6034064                    /lib/x86_64-linux-gnu/ld-2.27.so
7f4a01cc0000-7f4a01cc1000 rw-p 00028000 08:01 6034064                    /lib/x86_64-linux-gnu/ld-2.27.so
7f4a01cc1000-7f4a01cc2000 rw-p 00000000 00:00 0 
7ffd4429f000-7ffd442c1000 rw-p 00000000 00:00 0                          [stack]
7ffd443c7000-7ffd443ca000 r--p 00000000 00:00 0                          [vvar]
7ffd443ca000-7ffd443cc000 r-xp 00000000 00:00 0                          [vdso]
ffffffffff600000-ffffffffff601000 r-xp 00000000 00:00 0                  [vsyscall]

VM Arguments:
jvm_args: -Dfile.encoding=UTF-8 
java_command: com.gk.sudoku.SudokuApplication
java_class_path (initial): /usr/lib/jvm/java-8-oracle/jre/lib/resources.jar:/usr/lib/jvm/java-8-oracle/jre/lib/rt.jar:/usr/lib/jvm/java-8-oracle/jre/lib/jsse.jar:/usr/lib/jvm/java-8-oracle/jre/lib/jce.jar:/usr/lib/jvm/java-8-oracle/jre/lib/charsets.jar:/usr/lib/jvm/java-8-oracle/jre/lib/jfr.jar:/usr/lib/jvm/java-8-oracle/jre/lib/ext/sunec.jar:/usr/lib/jvm/java-8-oracle/jre/lib/ext/sunpkcs11.jar:/usr/lib/jvm/java-8-oracle/jre/lib/ext/localedata.jar:/usr/lib/jvm/java-8-oracle/jre/lib/ext/dnsns.jar:/usr/lib/jvm/java-8-oracle/jre/lib/ext/cldrdata.jar:/usr/lib/jvm/java-8-oracle/jre/lib/ext/zipfs.jar:/usr/lib/jvm/java-8-oracle/jre/lib/ext/nashorn.jar:/usr/lib/jvm/java-8-oracle/jre/lib/ext/jaccess.jar:/usr/lib/jvm/java-8-oracle/jre/lib/ext/jfxrt.jar:/usr/lib/jvm/java-8-oracle/jre/lib/ext/sunjce_provider.jar:/home/g/git/sudoku/target/classes:/home/g/.m2/repository/org/springframework/boot/spring-boot-starter/2.0.3.RELEASE/spring-boot-starter-2.0.3.RELEASE.jar:/home/g/.m2/repository/org/springframework/boot/spring-boot/2.0.3.RELEASE/spring-boot-2.0.3.RELEASE.jar:/home/g/.m2/repository/org/springframework/spring-context/5.0.7.RELEASE/spring-context-5.0.7.RELEASE.jar:/home/g/.m2/repository/org/springframework/spring-aop/5.0.7.RELEASE/spring-aop-5.0.7.RELEASE.jar:/home/g/.m2/repository/org/springframework/spring-beans/5.0.7.RELEASE/spring-beans-5.0.7.RELEASE.jar:/home/g/.m2/repository/org/springframework/spring-expression/5.0.7.RELEASE/spring-expression-5.0.7.RELEASE.jar:/home/g/.m2/repository/org/springframework/boot/spring-boot-autoconfigure/2.0.3.RELEASE/spring-boot-autoconfigure-2.0.3.RELEASE.jar:/home/g/.m2/repository/org/springframework/boot/spring-boot-starter-logging/2.0.3.RELEASE/spring-boot-starter-logging-2.0.3.RELEASE.jar:/home/g/.m2/repository/ch/qos/logback/logback-classic/1.2.3/logback-classic-1.2.3.jar:/home/g/.m2/repository/ch/qos/logback/logback-core/1.2.3/logback-core-1.2.3.jar:/home/g/.m2/repository/org/apache/logging/log4j/log4j-to-slf4j/2.10.0/log4j-to-s
Launcher Type: SUN_STANDARD

Environment Variables:
JAVA_HOME=/usr/lib/jvm/java-8-oracle
PATH=/home/g/bin:/usr/local/sbin:/usr/local/bin:/usr/sbin:/usr/bin:/sbin:/bin:/usr/games:/usr/local/games:/snap/bin:/usr/lib/jvm/java-8-oracle/bin:/usr/lib/jvm/java-8-oracle/db/bin:/usr/lib/jvm/java-8-oracle/jre/bin
USERNAME=g
SHELL=/bin/bash
DISPLAY=:0

Signal Handlers:
SIGSEGV: [libjvm.so+0xad0890], sa_mask[0]=11111111011111111101111111111110, sa_flags=SA_RESTART|SA_SIGINFO
SIGBUS: [libjvm.so+0xad0890], sa_mask[0]=11111111011111111101111111111110, sa_flags=SA_RESTART|SA_SIGINFO
SIGFPE: [libjvm.so+0x928640], sa_mask[0]=11111111011111111101111111111110, sa_flags=SA_RESTART|SA_SIGINFO
SIGPIPE: [libjvm.so+0x928640], sa_mask[0]=11111111011111111101111111111110, sa_flags=SA_RESTART|SA_SIGINFO
SIGXFSZ: [libjvm.so+0x928640], sa_mask[0]=11111111011111111101111111111110, sa_flags=SA_RESTART|SA_SIGINFO
SIGILL: [libjvm.so+0x928640], sa_mask[0]=11111111011111111101111111111110, sa_flags=SA_RESTART|SA_SIGINFO
SIGUSR1: SIG_DFL, sa_mask[0]=00000000000000000000000000000000, sa_flags=none
SIGUSR2: [libjvm.so+0x929ea0], sa_mask[0]=00100000000000000000000000000000, sa_flags=SA_RESTART|SA_SIGINFO
SIGHUP: [libjvm.so+0x92b2a0], sa_mask[0]=11111111011111111101111111111110, sa_flags=SA_RESTART|SA_SIGINFO
SIGINT: [libjvm.so+0x92b2a0], sa_mask[0]=11111111011111111101111111111110, sa_flags=SA_RESTART|SA_SIGINFO
SIGTERM: [libjvm.so+0x92b2a0], sa_mask[0]=11111111011111111101111111111110, sa_flags=SA_RESTART|SA_SIGINFO
SIGQUIT: [libjvm.so+0x92b2a0], sa_mask[0]=11111111011111111101111111111110, sa_flags=SA_RESTART|SA_SIGINFO


---------------  S Y S T E M  ---------------

OS:DISTRIB_ID=Ubuntu
DISTRIB_RELEASE=18.04
DISTRIB_CODENAME=bionic
DISTRIB_DESCRIPTION="Ubuntu 18.04 LTS"

uname:Linux 4.15.0-24-generic #26-Ubuntu SMP Wed Jun 13 08:44:47 UTC 2018 x86_64
libc:glibc 2.27 NPTL 2.27 
rlimit: STACK 8192k, CORE 0k, NPROC 15455, NOFILE 1048576, AS infinity
load average:0.99 0.88 0.64

/proc/meminfo:
MemTotal:        4015684 kB
MemFree:           88408 kB
MemAvailable:          0 kB
Buffers:             424 kB
Cached:            13748 kB
SwapCached:         8072 kB
Active:          1932288 kB
Inactive:         486520 kB
Active(anon):    1927680 kB
Inactive(anon):   482024 kB
Active(file):       4608 kB
Inactive(file):     4496 kB
Unevictable:          64 kB
Mlocked:              64 kB
SwapTotal:       2097148 kB
SwapFree:              0 kB
Dirty:                40 kB
Writeback:             0 kB
AnonPages:       2397112 kB
Mapped:            11648 kB
Shmem:              4840 kB
Slab:             123320 kB
SReclaimable:      49144 kB
SUnreclaim:        74176 kB
KernelStack:       14128 kB
PageTables:        55660 kB
NFS_Unstable:          0 kB
Bounce:                0 kB
WritebackTmp:          0 kB
CommitLimit:     4104988 kB
Committed_AS:    7228228 kB
VmallocTotal:   34359738367 kB
VmallocUsed:           0 kB
VmallocChunk:          0 kB
HardwareCorrupted:     0 kB
AnonHugePages:         0 kB
ShmemHugePages:        0 kB
ShmemPmdMapped:        0 kB
CmaTotal:              0 kB
CmaFree:               0 kB
HugePages_Total:       0
HugePages_Free:        0
HugePages_Rsvd:        0
HugePages_Surp:        0
Hugepagesize:       2048 kB
DirectMap4k:      343872 kB
DirectMap2M:     3850240 kB
DirectMap1G:     2097152 kB


CPU:total 4 (initial active 4) (1 cores per cpu, 1 threads per core) family 6 model 142 stepping 9, cmov, cx8, fxsr, mmx, sse, sse2, sse3, ssse3, sse4.1, sse4.2, popcnt, avx, avx2, aes, clmul, erms, 3dnowpref, lzcnt, tsc, tscinvbit, bmi1, bmi2, adx

/proc/cpuinfo:
processor	: 0
vendor_id	: GenuineIntel
cpu family	: 6
model		: 142
model name	: Intel(R) Core(TM) i7-7500U CPU @ 2.70GHz
stepping	: 9
microcode	: 0x70
cpu MHz		: 2903.995
cache size	: 4096 KB
physical id	: 0
siblings	: 1
core id		: 0
cpu cores	: 1
apicid		: 0
initial apicid	: 0
fpu		: yes
fpu_exception	: yes
cpuid level	: 22
wp		: yes
flags		: fpu vme de pse tsc msr pae mce cx8 apic sep mtrr pge mca cmov pat pse36 clflush mmx fxsr sse sse2 ss syscall nx pdpe1gb rdtscp lm constant_tsc arch_perfmon nopl xtopology tsc_reliable nonstop_tsc cpuid pni pclmulqdq vmx ssse3 fma cx16 pcid sse4_1 sse4_2 x2apic movbe popcnt tsc_deadline_timer aes xsave avx f16c rdrand hypervisor lahf_lm abm 3dnowprefetch cpuid_fault invpcid_single pti tpr_shadow vnmi ept vpid fsgsbase tsc_adjust bmi1 avx2 smep bmi2 invpcid mpx rdseed adx smap clflushopt xsaveopt xsavec xsaves arat
bugs		: cpu_meltdown spectre_v1 spectre_v2 spec_store_bypass
bogomips	: 5807.99
clflush size	: 64
cache_alignment	: 64
address sizes	: 43 bits physical, 48 bits virtual
power management:

processor	: 1
vendor_id	: GenuineIntel
cpu family	: 6
model		: 142
model name	: Intel(R) Core(TM) i7-7500U CPU @ 2.70GHz
stepping	: 9
microcode	: 0x70
cpu MHz		: 2903.995
cache size	: 4096 KB
physical id	: 2
siblings	: 1
core id		: 0
cpu cores	: 1
apicid		: 2
initial apicid	: 2
fpu		: yes
fpu_exception	: yes
cpuid level	: 22
wp		: yes
flags		: fpu vme de pse tsc msr pae mce cx8 apic sep mtrr pge mca cmov pat pse36 clflush mmx fxsr sse sse2 ss syscall nx pdpe1gb rdtscp lm constant_tsc arch_perfmon nopl xtopology tsc_reliable nonstop_tsc cpuid pni pclmulqdq vmx ssse3 fma cx16 pcid sse4_1 sse4_2 x2apic movbe popcnt tsc_deadline_timer aes xsave avx f16c rdrand hypervisor lahf_lm abm 3dnowprefetch cpuid_fault invpcid_single pti tpr_shadow vnmi ept vpid fsgsbase tsc_adjust bmi1 avx2 smep bmi2 invpcid mpx rdseed adx smap clflushopt xsaveopt xsavec xsaves arat
bugs		: cpu_meltdown spectre_v1 spectre_v2 spec_store_bypass
bogomips	: 5807.99
clflush size	: 64
cache_alignment	: 64
address sizes	: 43 bits physical, 48 bits virtual
power management:

processor	: 2
vendor_id	: GenuineIntel
cpu family	: 6
model		: 142
model name	: Intel(R) Core(TM) i7-7500U CPU @ 2.70GHz
stepping	: 9
microcode	: 0x70
cpu MHz		: 2903.995
cache size	: 4096 KB
physical id	: 4
siblings	: 1
core id		: 0
cpu cores	: 1
apicid		: 4
initial apicid	: 4
fpu		: yes
fpu_exception	: yes
cpuid level	: 22
wp		: yes
flags		: fpu vme de pse tsc msr pae mce cx8 apic sep mtrr pge mca cmov pat pse36 clflush mmx fxsr sse sse2 ss syscall nx pdpe1gb rdtscp lm constant_tsc arch_perfmon nopl xtopology tsc_reliable nonstop_tsc cpuid pni pclmulqdq vmx ssse3 fma cx16 pcid sse4_1 sse4_2 x2apic movbe popcnt tsc_deadline_timer aes xsave avx f16c rdrand hypervisor lahf_lm abm 3dnowprefetch cpuid_fault invpcid_single pti tpr_shadow vnmi ept vpid fsgsbase tsc_adjust bmi1 avx2 smep bmi2 invpcid mpx rdseed adx smap clflushopt xsaveopt xsavec xsaves arat
bugs		: cpu_meltdown spectre_v1 spectre_v2 spec_store_bypass
bogomips	: 5807.99
clflush size	: 64
cache_alignment	: 64
address sizes	: 43 bits physical, 48 bits virtual
power management:

processor	: 3
vendor_id	: GenuineIntel
cpu family	: 6
model		: 142
model name	: Intel(R) Core(TM) i7-7500U CPU @ 2.70GHz
stepping	: 9
microcode	: 0x70
cpu MHz		: 2903.995
cache size	: 4096 KB
physical id	: 6
siblings	: 1
core id		: 0
cpu cores	: 1
apicid		: 6
initial apicid	: 6
fpu		: yes
fpu_exception	: yes
cpuid level	: 22
wp		: yes
flags		: fpu vme de pse tsc msr pae mce cx8 apic sep mtrr pge mca cmov pat pse36 clflush mmx fxsr sse sse2 ss syscall nx pdpe1gb rdtscp lm constant_tsc arch_perfmon nopl xtopology tsc_reliable nonstop_tsc cpuid pni pclmulqdq vmx ssse3 fma cx16 pcid sse4_1 sse4_2 x2apic movbe popcnt tsc_deadline_timer aes xsave avx f16c rdrand hypervisor lahf_lm abm 3dnowprefetch cpuid_fault invpcid_single pti tpr_shadow vnmi ept vpid fsgsbase tsc_adjust bmi1 avx2 smep bmi2 invpcid mpx rdseed adx smap clflushopt xsaveopt xsavec xsaves arat
bugs		: cpu_meltdown spectre_v1 spectre_v2 spec_store_bypass
bogomips	: 5807.99
clflush size	: 64
cache_alignment	: 64
address sizes	: 43 bits physical, 48 bits virtual
power management:



Memory: 4k page, physical 4015684k(86908k free), swap 2097148k(0k free)

vm_info: Java HotSpot(TM) 64-Bit Server VM (25.171-b11) for linux-amd64 JRE (1.8.0_171-b11), built on Mar 28 2018 17:07:08 by "java_re" with gcc 4.3.0 20080428 (Red Hat 4.3.0-8)

time: Wed Jul 11 00:37:02 2018
elapsed time: 3 seconds (0d 0h 0m 3s)

