#
# There is insufficient memory for the Java Runtime Environment to continue.
# Native memory allocation (mmap) failed to map 32505856 bytes for committing reserved memory.
# Possible reasons:
#   The system is out of physical RAM or swap space
#   In 32 bit mode, the process size limit was hit
# Possible solutions:
#   Reduce memory load on the system
#   Increase physical memory or swap space
#   Check if swap backing store is full
#   Use 64 bit Java on a 64 bit OS
#   Decrease Java heap size (-Xmx/-Xms)
#   Decrease number of Java threads
#   Decrease Java thread stack sizes (-Xss)
#   Set larger code cache with -XX:ReservedCodeCacheSize=
# This output file may be truncated or incomplete.
#
#  Out of Memory Error (os_linux.cpp:2640), pid=29525, tid=0x00007fadccce0700
#
# JRE version: Java(TM) SE Runtime Environment (8.0_171-b11) (build 1.8.0_171-b11)
# Java VM: Java HotSpot(TM) 64-Bit Server VM (25.171-b11 mixed mode linux-amd64 compressed oops)
# Failed to write core dump. Core dumps have been disabled. To enable core dumping, try "ulimit -c unlimited" before starting Java again
#

---------------  T H R E A D  ---------------

Current thread (0x00007fade407a800):  VMThread [stack: 0x00007fadccbe1000,0x00007fadccce1000] [id=29536]

Stack: [0x00007fadccbe1000,0x00007fadccce1000],  sp=0x00007fadcccdf240,  free space=1016k
Native frames: (J=compiled Java code, j=interpreted, Vv=VM code, C=native code)
V  [libjvm.so+0xacfffa]  VMError::report_and_die()+0x2ba
V  [libjvm.so+0x5005cb]  report_vm_out_of_memory(char const*, int, unsigned long, VMErrorType, char const*)+0x8b
V  [libjvm.so+0x92dd93]  os::Linux::commit_memory_impl(char*, unsigned long, bool)+0x123
V  [libjvm.so+0x92dfb9]  os::pd_commit_memory(char*, unsigned long, unsigned long, bool)+0x29
V  [libjvm.so+0x92527a]  os::commit_memory(char*, unsigned long, unsigned long, bool)+0x2a
V  [libjvm.so+0x99b223]  PSVirtualSpace::expand_by(unsigned long)+0x53
V  [libjvm.so+0x99c628]  PSYoungGen::resize_generation(unsigned long, unsigned long)+0xf8
V  [libjvm.so+0x99b782]  PSYoungGen::resize(unsigned long, unsigned long)+0x22
V  [libjvm.so+0x998a5b]  PSScavenge::invoke_no_policy()+0xf3b
V  [libjvm.so+0x9991e1]  PSScavenge::invoke()+0x41
V  [libjvm.so+0x94fcb0]  ParallelScavengeHeap::failed_mem_allocate(unsigned long)+0x70
V  [libjvm.so+0xad1a77]  VM_ParallelGCFailedAllocation::doit()+0x97
V  [libjvm.so+0xad9595]  VM_Operation::evaluate()+0x55
V  [libjvm.so+0xad795a]  VMThread::evaluate_operation(VM_Operation*)+0xba
V  [libjvm.so+0xad7cde]  VMThread::loop()+0x1ce
V  [libjvm.so+0xad8150]  VMThread::run()+0x70
V  [libjvm.so+0x92e0f8]  java_start(Thread*)+0x108

VM_Operation (0x00007fadeb2f84b0): ParallelGCFailedAllocation, mode: safepoint, requested by thread 0x00007fade400c000


---------------  P R O C E S S  ---------------

Java Threads: ( => current thread )
  0x00007fade40cb000 JavaThread "Service Thread" daemon [_thread_blocked, id=29544, stack(0x00007fadc7afb000,0x00007fadc7bfc000)]
  0x00007fade40c0000 JavaThread "C1 CompilerThread2" daemon [_thread_blocked, id=29543, stack(0x00007fadc7bfd000,0x00007fadc7cfd000)]
  0x00007fade40be000 JavaThread "C2 CompilerThread1" daemon [_thread_blocked, id=29542, stack(0x00007fadc7cfe000,0x00007fadc7dfe000)]
  0x00007fade40bb000 JavaThread "C2 CompilerThread0" daemon [_thread_blocked, id=29541, stack(0x00007fadc7dff000,0x00007fadc7eff000)]
  0x00007fade40b9800 JavaThread "Signal Dispatcher" daemon [_thread_blocked, id=29540, stack(0x00007fadc7eff000,0x00007fadc8000000)]
  0x00007fade4086800 JavaThread "Finalizer" daemon [_thread_blocked, id=29538, stack(0x00007fadcc9de000,0x00007fadccadf000)]
  0x00007fade4082000 JavaThread "Reference Handler" daemon [_thread_blocked, id=29537, stack(0x00007fadccadf000,0x00007fadccbe0000)]
  0x00007fade400c000 JavaThread "main" [_thread_blocked, id=29531, stack(0x00007fadeb1fb000,0x00007fadeb2fb000)]

Other Threads:
=>0x00007fade407a800 VMThread [stack: 0x00007fadccbe1000,0x00007fadccce1000] [id=29536]
  0x00007fade40d0000 WatcherThread [stack: 0x00007fadc79fb000,0x00007fadc7afb000] [id=29545]

VM state:at safepoint (normal execution)

VM Mutex/Monitor currently owned by a thread:  ([mutex/lock_event])
[0x00007fade4008b60] Threads_lock - owner thread: 0x00007fade407a800
[0x00007fade4009060] Heap_lock - owner thread: 0x00007fade400c000

Heap:
 PSYoungGen      total 34304K, used 2544K [0x00000000eb900000, 0x00000000edd00000, 0x0000000100000000)
  eden space 31744K, 0% used [0x00000000eb900000,0x00000000eb900000,0x00000000ed800000)
  from space 2560K, 99% used [0x00000000ed800000,0x00000000eda7c010,0x00000000eda80000)
  to   space 2560K, 0% used [0x00000000eda80000,0x00000000eda80000,0x00000000edd00000)
 ParOldGen       total 42496K, used 9710K [0x00000000c2a00000, 0x00000000c5380000, 0x00000000eb900000)
  object space 42496K, 22% used [0x00000000c2a00000,0x00000000c337baa8,0x00000000c5380000)
 Metaspace       used 15721K, capacity 16236K, committed 16256K, reserved 1062912K
  class space    used 2020K, capacity 2174K, committed 2176K, reserved 1048576K

Card table byte_map: [0x00007fade8099000,0x00007fade8285000] byte_map_base: 0x00007fade7a84000

Marking Bits: (ParMarkBitMap*) 0x00007fadea694280
 Begin Bits: [0x00007fadce150000, 0x00007fadcf0a8000)
 End Bits:   [0x00007fadcf0a8000, 0x00007fadd0000000)

Polling page: 0x00007fadeb311000

CodeCache: size=245760Kb used=4783Kb max_used=4783Kb free=240976Kb
 bounds [0x00007fadd5000000, 0x00007fadd54b0000, 0x00007fade4000000]
 total_blobs=1766 nmethods=1420 adapters=259
 compilation: enabled

Compilation events (10 events):
Event: 3.675 Thread 0x00007fade40c0000 nmethod 1437 0x00007fadd54abdd0 code [0x00007fadd54abf20, 0x00007fadd54ac070]
Event: 3.680 Thread 0x00007fade40c0000 1439       3       java.util.LinkedHashMap$LinkedEntryIterator::next (5 bytes)
Event: 3.681 Thread 0x00007fade40c0000 nmethod 1439 0x00007fadd54ac0d0 code [0x00007fadd54ac240, 0x00007fadd54ac528]
Event: 3.681 Thread 0x00007fade40c0000 1440       3       java.util.LinkedHashMap$LinkedEntryIterator::next (5 bytes)
Event: 3.681 Thread 0x00007fade40c0000 nmethod 1440 0x00007fadd54ac5d0 code [0x00007fadd54ac740, 0x00007fadd54ac948]
Event: 3.681 Thread 0x00007fade40c0000 1438       3       java.util.LinkedHashMap::afterNodeAccess (116 bytes)
Event: 3.681 Thread 0x00007fade40c0000 nmethod 1438 0x00007fadd54ac9d0 code [0x00007fadd54acb60, 0x00007fadd54acff0]
Event: 3.682 Thread 0x00007fade40be000 1441       4       java.util.ArrayList::rangeCheck (22 bytes)
Event: 3.683 Thread 0x00007fade40c0000 1442       3       ch.qos.logback.classic.Logger::callTurboFilters (14 bytes)
Event: 3.683 Thread 0x00007fade40c0000 nmethod 1442 0x00007fadd54ad150 code [0x00007fadd54ad2e0, 0x00007fadd54ad7e8]

GC Heap History (5 events):
Event: 1.238 GC heap before
{Heap before GC invocations=1 (full 0):
 PSYoungGen      total 18432K, used 15872K [0x00000000eb900000, 0x00000000ecd80000, 0x0000000100000000)
  eden space 15872K, 100% used [0x00000000eb900000,0x00000000ec880000,0x00000000ec880000)
  from space 2560K, 0% used [0x00000000ecb00000,0x00000000ecb00000,0x00000000ecd80000)
  to   space 2560K, 0% used [0x00000000ec880000,0x00000000ec880000,0x00000000ecb00000)
 ParOldGen       total 42496K, used 0K [0x00000000c2a00000, 0x00000000c5380000, 0x00000000eb900000)
  object space 42496K, 0% used [0x00000000c2a00000,0x00000000c2a00000,0x00000000c5380000)
 Metaspace       used 8201K, capacity 8356K, committed 8576K, reserved 1056768K
  class space    used 988K, capacity 1046K, committed 1152K, reserved 1048576K
Event: 1.263 GC heap after
Heap after GC invocations=1 (full 0):
 PSYoungGen      total 18432K, used 2538K [0x00000000eb900000, 0x00000000edd00000, 0x0000000100000000)
  eden space 15872K, 0% used [0x00000000eb900000,0x00000000eb900000,0x00000000ec880000)
  from space 2560K, 99% used [0x00000000ec880000,0x00000000ecafab70,0x00000000ecb00000)
  to   space 2560K, 0% used [0x00000000eda80000,0x00000000eda80000,0x00000000edd00000)
 ParOldGen       total 42496K, used 727K [0x00000000c2a00000, 0x00000000c5380000, 0x00000000eb900000)
  object space 42496K, 1% used [0x00000000c2a00000,0x00000000c2ab5ef8,0x00000000c5380000)
 Metaspace       used 8201K, capacity 8356K, committed 8576K, reserved 1056768K
  class space    used 988K, capacity 1046K, committed 1152K, reserved 1048576K
}
Event: 1.767 GC heap before
{Heap before GC invocations=2 (full 0):
 PSYoungGen      total 18432K, used 18410K [0x00000000eb900000, 0x00000000edd00000, 0x0000000100000000)
  eden space 15872K, 100% used [0x00000000eb900000,0x00000000ec880000,0x00000000ec880000)
  from space 2560K, 99% used [0x00000000ec880000,0x00000000ecafab70,0x00000000ecb00000)
  to   space 2560K, 0% used [0x00000000eda80000,0x00000000eda80000,0x00000000edd00000)
 ParOldGen       total 42496K, used 727K [0x00000000c2a00000, 0x00000000c5380000, 0x00000000eb900000)
  object space 42496K, 1% used [0x00000000c2a00000,0x00000000c2ab5ef8,0x00000000c5380000)
 Metaspace       used 11298K, capacity 11594K, committed 11776K, reserved 1058816K
  class space    used 1407K, capacity 1517K, committed 1536K, reserved 1048576K
Event: 1.777 GC heap after
Heap after GC invocations=2 (full 0):
 PSYoungGen      total 34304K, used 2528K [0x00000000eb900000, 0x00000000edd00000, 0x0000000100000000)
  eden space 31744K, 0% used [0x00000000eb900000,0x00000000eb900000,0x00000000ed800000)
  from space 2560K, 98% used [0x00000000eda80000,0x00000000edcf8020,0x00000000edd00000)
  to   space 2560K, 0% used [0x00000000ed800000,0x00000000ed800000,0x00000000eda80000)
 ParOldGen       total 42496K, used 5225K [0x00000000c2a00000, 0x00000000c5380000, 0x00000000eb900000)
  object space 42496K, 12% used [0x00000000c2a00000,0x00000000c2f1a6f8,0x00000000c5380000)
 Metaspace       used 11298K, capacity 11594K, committed 11776K, reserved 1058816K
  class space    used 1407K, capacity 1517K, committed 1536K, reserved 1048576K
}
Event: 3.701 GC heap before
{Heap before GC invocations=3 (full 0):
 PSYoungGen      total 34304K, used 34272K [0x00000000eb900000, 0x00000000edd00000, 0x0000000100000000)
  eden space 31744K, 100% used [0x00000000eb900000,0x00000000ed800000,0x00000000ed800000)
  from space 2560K, 98% used [0x00000000eda80000,0x00000000edcf8020,0x00000000edd00000)
  to   space 2560K, 0% used [0x00000000ed800000,0x00000000ed800000,0x00000000eda80000)
 ParOldGen       total 42496K, used 5225K [0x00000000c2a00000, 0x00000000c5380000, 0x00000000eb900000)
  object space 42496K, 12% used [0x00000000c2a00000,0x00000000c2f1a6f8,0x00000000c5380000)
 Metaspace       used 15721K, capacity 16236K, committed 16256K, reserved 1062912K
  class space    used 2020K, capacity 2174K, committed 2176K, reserved 1048576K

Deoptimization events (6 events):
Event: 1.140 Thread 0x00007fade400c000 Uncommon trap: reason=unstable_if action=reinterpret pc=0x00007fadd51862d0 method=java.lang.String.indexOf([CII[CIII)I @ 3
Event: 1.220 Thread 0x00007fade422f000 Uncommon trap: reason=range_check action=make_not_entrant pc=0x00007fadd527c980 method=sun.reflect.generics.parser.SignatureParser.current()C @ 34
Event: 1.490 Thread 0x00007fade422f000 Uncommon trap: reason=unstable_if action=reinterpret pc=0x00007fadd5289f58 method=java.util.HashMap.getNode(ILjava/lang/Object;)Ljava/util/HashMap$Node; @ 129
Event: 1.663 Thread 0x00007fade422f000 Uncommon trap: reason=unstable_if action=reinterpret pc=0x00007fadd51aa14c method=sun.misc.MetaIndex.mayContain(Ljava/lang/String;)Z @ 38
Event: 2.097 Thread 0x00007fade400c000 Uncommon trap: reason=unstable_if action=reinterpret pc=0x00007fadd532b45c method=java.io.UnixFileSystem.normalize(Ljava/lang/String;)Ljava/lang/String; @ 60
Event: 2.581 Thread 0x00007fade400c000 Uncommon trap: reason=bimorphic action=maybe_recompile pc=0x00007fadd53ca1e4 method=java.util.HashMap.putVal(ILjava/lang/Object;Ljava/lang/Object;ZZ)Ljava/lang/Object; @ 203

Classes redefined (0 events):
No events

Internal exceptions (10 events):
Event: 2.303 Thread 0x00007fade400c000 Exception <a 'java/lang/ClassNotFoundException': java/lang/ObjectCustomizer> (0x00000000ec83c578) thrown at [/HUDSON/workspace/8-2-build-linux-amd64/jdk8u171/10807/hotspot/src/share/vm/classfile/systemDictionary.cpp, line 210]
Event: 2.310 Thread 0x00007fade400c000 Exception <a 'java/lang/ClassNotFoundException': org/springframework/context/annotation/ConfigurationClassPostProcessorCustomizer> (0x00000000ec84e538) thrown at [/HUDSON/workspace/8-2-build-linux-amd64/jdk8u171/10807/hotspot/src/share/vm/classfile/system
Event: 2.314 Thread 0x00007fade400c000 Exception <a 'java/lang/ClassNotFoundException': org/springframework/beans/factory/support/BeanDefinitionRegistryPostProcessorCustomizer> (0x00000000ec896120) thrown at [/HUDSON/workspace/8-2-build-linux-amd64/jdk8u171/10807/hotspot/src/share/vm/classfile
Event: 2.315 Thread 0x00007fade400c000 Exception <a 'java/lang/ClassNotFoundException': org/springframework/core/PriorityOrderedCustomizer> (0x00000000ec89f7a0) thrown at [/HUDSON/workspace/8-2-build-linux-amd64/jdk8u171/10807/hotspot/src/share/vm/classfile/systemDictionary.cpp, line 210]
Event: 2.315 Thread 0x00007fade400c000 Exception <a 'java/lang/ClassNotFoundException': org/springframework/context/ResourceLoaderAwareCustomizer> (0x00000000ec8a88b0) thrown at [/HUDSON/workspace/8-2-build-linux-amd64/jdk8u171/10807/hotspot/src/share/vm/classfile/systemDictionary.cpp, line 21
Event: 2.315 Thread 0x00007fade400c000 Exception <a 'java/lang/ClassNotFoundException': org/springframework/beans/factory/BeanClassLoaderAwareCustomizer> (0x00000000ec8b35d0) thrown at [/HUDSON/workspace/8-2-build-linux-amd64/jdk8u171/10807/hotspot/src/share/vm/classfile/systemDictionary.cpp, 
Event: 2.315 Thread 0x00007fade400c000 Exception <a 'java/lang/ClassNotFoundException': org/springframework/context/EnvironmentAwareCustomizer> (0x00000000ec8bd4a8) thrown at [/HUDSON/workspace/8-2-build-linux-amd64/jdk8u171/10807/hotspot/src/share/vm/classfile/systemDictionary.cpp, line 210]
Event: 2.322 Thread 0x00007fade400c000 Exception <a 'java/lang/NoClassDefFoundError': org/reactivestreams/Publisher> (0x00000000ec9163d8) thrown at [/HUDSON/workspace/8-2-build-linux-amd64/jdk8u171/10807/hotspot/src/share/vm/classfile/systemDictionary.cpp, line 199]
Event: 2.323 Thread 0x00007fade400c000 Exception <a 'java/lang/NoClassDefFoundError': rx/Observable> (0x00000000ec920600) thrown at [/HUDSON/workspace/8-2-build-linux-amd64/jdk8u171/10807/hotspot/src/share/vm/classfile/systemDictionary.cpp, line 199]
Event: 2.323 Thread 0x00007fade400c000 Exception <a 'java/lang/NoClassDefFoundError': org/reactivestreams/Publisher> (0x00000000ec92ba68) thrown at [/HUDSON/workspace/8-2-build-linux-amd64/jdk8u171/10807/hotspot/src/share/vm/classfile/systemDictionary.cpp, line 199]

Events (10 events):
Event: 3.647 loading class org/springframework/boot/CommandLineRunner done
Event: 3.649 loading class org/springframework/boot/autoconfigure/context/PropertyPlaceholderAutoConfiguration
Event: 3.649 loading class org/springframework/boot/autoconfigure/context/PropertyPlaceholderAutoConfiguration done
Event: 3.650 loading class java/util/HashMap$EntrySpliterator
Event: 3.651 loading class java/util/HashMap$HashMapSpliterator
Event: 3.651 loading class java/util/HashMap$HashMapSpliterator done
Event: 3.651 loading class java/util/HashMap$EntrySpliterator done
Event: 3.672 loading class org/springframework/context/annotation/ConfigurationClassBeanDefinitionReader$ConfigurationClassBeanDefinition
Event: 3.672 loading class org/springframework/context/annotation/ConfigurationClassBeanDefinitionReader$ConfigurationClassBeanDefinition done
Event: 3.696 Executing VM operation: ParallelGCFailedAllocation


Dynamic libraries:
00400000-00401000 r-xp 00000000 08:01 2629988                            /usr/lib/jvm/java-8-oracle/bin/java
00600000-00601000 rw-p 00000000 08:01 2629988                            /usr/lib/jvm/java-8-oracle/bin/java
00cf0000-00d11000 rw-p 00000000 00:00 0                                  [heap]
c2a00000-c5380000 rw-p 00000000 00:00 0 
c5380000-eb900000 ---p 00000000 00:00 0 
eb900000-edd00000 rw-p 00000000 00:00 0 
efc00000-100000000 ---p 00000000 00:00 0 
100000000-100220000 rw-p 00000000 00:00 0 
100220000-140000000 ---p 00000000 00:00 0 
7fad90000000-7fad900dd000 rw-p 00000000 00:00 0 
7fad900dd000-7fad94000000 ---p 00000000 00:00 0 
7fad97bef000-7fad97c00000 r-xp 00000000 08:01 5245815                    /usr/lib/jvm/java-8-oracle/jre/lib/amd64/libnio.so
7fad97c00000-7fad97dff000 ---p 00011000 08:01 5245815                    /usr/lib/jvm/java-8-oracle/jre/lib/amd64/libnio.so
7fad97dff000-7fad97e00000 rw-p 00010000 08:01 5245815                    /usr/lib/jvm/java-8-oracle/jre/lib/amd64/libnio.so
7fad97e00000-7fad97fc0000 rw-p 00000000 00:00 0 
7fad97fc0000-7fad98000000 ---p 00000000 00:00 0 
7fad98000000-7fad98021000 rw-p 00000000 00:00 0 
7fad98021000-7fad9c000000 ---p 00000000 00:00 0 
7fad9c000000-7fad9c021000 rw-p 00000000 00:00 0 
7fad9c021000-7fada0000000 ---p 00000000 00:00 0 
7fada0000000-7fada0515000 rw-p 00000000 00:00 0 
7fada0515000-7fada4000000 ---p 00000000 00:00 0 
7fada4000000-7fada46ea000 rw-p 00000000 00:00 0 
7fada46ea000-7fada8000000 ---p 00000000 00:00 0 
7fada8000000-7fada8021000 rw-p 00000000 00:00 0 
7fada8021000-7fadac000000 ---p 00000000 00:00 0 
7fadac000000-7fadac322000 rw-p 00000000 00:00 0 
7fadac322000-7fadb0000000 ---p 00000000 00:00 0 
7fadb0000000-7fadb0021000 rw-p 00000000 00:00 0 
7fadb0021000-7fadb4000000 ---p 00000000 00:00 0 
7fadb4000000-7fadb4021000 rw-p 00000000 00:00 0 
7fadb4021000-7fadb8000000 ---p 00000000 00:00 0 
7fadb8000000-7fadb8021000 rw-p 00000000 00:00 0 
7fadb8021000-7fadbc000000 ---p 00000000 00:00 0 
7fadbc000000-7fadbc290000 rw-p 00000000 00:00 0 
7fadbc290000-7fadc0000000 ---p 00000000 00:00 0 
7fadc0000000-7fadc0021000 rw-p 00000000 00:00 0 
7fadc0021000-7fadc4000000 ---p 00000000 00:00 0 
7fadc4027000-7fadc7028000 rw-p 00000000 00:00 0 
7fadc7028000-7fadc703e000 r-xp 00000000 08:01 5245812                    /usr/lib/jvm/java-8-oracle/jre/lib/amd64/libnet.so
7fadc703e000-7fadc723e000 ---p 00016000 08:01 5245812                    /usr/lib/jvm/java-8-oracle/jre/lib/amd64/libnet.so
7fadc723e000-7fadc723f000 rw-p 00016000 08:01 5245812                    /usr/lib/jvm/java-8-oracle/jre/lib/amd64/libnet.so
7fadc723f000-7fadc7248000 r-xp 00000000 08:01 5245820                    /usr/lib/jvm/java-8-oracle/jre/lib/amd64/libmanagement.so
7fadc7248000-7fadc7447000 ---p 00009000 08:01 5245820                    /usr/lib/jvm/java-8-oracle/jre/lib/amd64/libmanagement.so
7fadc7447000-7fadc7448000 rw-p 00008000 08:01 5245820                    /usr/lib/jvm/java-8-oracle/jre/lib/amd64/libmanagement.so
7fadc7448000-7fadc7648000 rw-p 00000000 00:00 0 
7fadc7648000-7fadc764d000 r--s 002f9000 08:01 3938502                    /usr/lib/jvm/java-8-oracle/jre/lib/charsets.jar
7fadc764d000-7fadc784d000 rw-p 00000000 00:00 0 
7fadc784d000-7fadc7850000 ---p 00000000 00:00 0 
7fadc7850000-7fadc794e000 rw-p 00000000 00:00 0 
7fadc794e000-7fadc7950000 r--s 00009000 08:01 5904390                    /home/g/.m2/repository/org/slf4j/slf4j-api/1.7.25/slf4j-api-1.7.25.jar
7fadc7950000-7fadc7957000 r--s 00042000 08:01 5904374                    /home/g/.m2/repository/org/yaml/snakeyaml/1.19/snakeyaml-1.19.jar
7fadc7957000-7fadc7959000 r--s 00004000 08:01 5904372                    /home/g/.m2/repository/org/springframework/spring-jcl/5.0.7.RELEASE/spring-jcl-5.0.7.RELEASE.jar
7fadc7959000-7fadc7971000 r--s 00114000 08:01 5904369                    /home/g/.m2/repository/org/springframework/spring-core/5.0.7.RELEASE/spring-core-5.0.7.RELEASE.jar
7fadc7971000-7fadc7973000 r--s 00005000 08:01 5904367                    /home/g/.m2/repository/javax/annotation/javax.annotation-api/1.3.2/javax.annotation-api-1.3.2.jar
7fadc7973000-7fadc7975000 r--s 00000000 08:01 5904365                    /home/g/.m2/repository/org/slf4j/jul-to-slf4j/1.7.25/jul-to-slf4j-1.7.25.jar
7fadc7975000-7fadc797b000 r--s 00039000 08:01 5904363                    /home/g/.m2/repository/org/apache/logging/log4j/log4j-api/2.10.0/log4j-api-2.10.0.jar
7fadc797b000-7fadc7986000 r--s 00069000 08:01 5904359                    /home/g/.m2/repository/ch/qos/logback/logback-core/1.2.3/logback-core-1.2.3.jar
7fadc7986000-7fadc798c000 r--s 00041000 08:01 5904357                    /home/g/.m2/repository/ch/qos/logback/logback-classic/1.2.3/logback-classic-1.2.3.jar
7fadc798c000-7fadc79ac000 r--s 000fc000 08:01 5904353                    /home/g/.m2/repository/org/springframework/boot/spring-boot-autoconfigure/2.0.3.RELEASE/spring-boot-autoconfigure-2.0.3.RELEASE.jar
7fadc79ac000-7fadc79b8000 r--s 00096000 08:01 5904349                    /home/g/.m2/repository/org/springframework/spring-beans/5.0.7.RELEASE/spring-beans-5.0.7.RELEASE.jar
7fadc79b8000-7fadc79d2000 r--s 000f1000 08:01 5904345                    /home/g/.m2/repository/org/springframework/spring-context/5.0.7.RELEASE/spring-context-5.0.7.RELEASE.jar
7fadc79d2000-7fadc79e7000 r--s 000cf000 08:01 5904343                    /home/g/.m2/repository/org/springframework/boot/spring-boot/2.0.3.RELEASE/spring-boot-2.0.3.RELEASE.jar
7fadc79e7000-7fadc79fa000 r--s 00345000 08:01 3938508                    /usr/lib/jvm/java-8-oracle/jre/lib/resources.jar
7fadc79fa000-7fadc79fb000 ---p 00000000 00:00 0 
7fadc79fb000-7fadc7afb000 rw-p 00000000 00:00 0 
7fadc7afb000-7fadc7afe000 ---p 00000000 00:00 0 
7fadc7afe000-7fadc7bfc000 rw-p 00000000 00:00 0 
7fadc7bfc000-7fadc7bfd000 ---p 00000000 00:00 0 
7fadc7bfd000-7fadc7c00000 ---p 00000000 00:00 0 
7fadc7c00000-7fadc7cfd000 rw-p 00000000 00:00 0 
7fadc7cfd000-7fadc7cfe000 ---p 00000000 00:00 0 
7fadc7cfe000-7fadc7d01000 ---p 00000000 00:00 0 
7fadc7d01000-7fadc7dfe000 rw-p 00000000 00:00 0 
7fadc7dfe000-7fadc7dff000 ---p 00000000 00:00 0 
7fadc7dff000-7fadc7e02000 ---p 00000000 00:00 0 
7fadc7e02000-7fadc7eff000 rw-p 00000000 00:00 0 
7fadc7eff000-7fadc7f02000 ---p 00000000 00:00 0 
7fadc7f02000-7fadc8000000 rw-p 00000000 00:00 0 
7fadc8000000-7fadc8021000 rw-p 00000000 00:00 0 
7fadc8021000-7fadcc000000 ---p 00000000 00:00 0 
7fadcc001000-7fadcc006000 r--s 00040000 08:01 5904351                    /home/g/.m2/repository/org/springframework/spring-expression/5.0.7.RELEASE/spring-expression-5.0.7.RELEASE.jar
7fadcc006000-7fadcc00f000 r--s 00051000 08:01 5904347                    /home/g/.m2/repository/org/springframework/spring-aop/5.0.7.RELEASE/spring-aop-5.0.7.RELEASE.jar
7fadcc00f000-7fadcc9de000 r--p 00000000 08:01 2628293                    /usr/lib/locale/locale-archive
7fadcc9de000-7fadcc9e1000 ---p 00000000 00:00 0 
7fadcc9e1000-7fadccadf000 rw-p 00000000 00:00 0 
7fadccadf000-7fadccae2000 ---p 00000000 00:00 0 
7fadccae2000-7fadccbe0000 rw-p 00000000 00:00 0 
7fadccbe0000-7fadccbe1000 ---p 00000000 00:00 0 
7fadccbe1000-7fadd0000000 rw-p 00000000 00:00 0 
7fadd0000000-7fadd0021000 rw-p 00000000 00:00 0 
7fadd0021000-7fadd4000000 ---p 00000000 00:00 0 
7fadd4001000-7fadd4006000 r--s 00084000 08:01 3938465                    /usr/lib/jvm/java-8-oracle/jre/lib/jfr.jar
7fadd4006000-7fadd400b000 r--s 002f9000 08:01 3938502                    /usr/lib/jvm/java-8-oracle/jre/lib/charsets.jar
7fadd400b000-7fadd432f000 rw-p 00000000 00:00 0 
7fadd432f000-7fadd4509000 r--s 03d68000 08:01 3938504                    /usr/lib/jvm/java-8-oracle/jre/lib/rt.jar
7fadd4509000-7fadd46f4000 rw-p 00000000 00:00 0 
7fadd46f4000-7fadd46f5000 ---p 00000000 00:00 0 
7fadd46f5000-7fadd47f5000 rw-p 00000000 00:00 0 
7fadd47f5000-7fadd47f6000 ---p 00000000 00:00 0 
7fadd47f6000-7fadd48f6000 rw-p 00000000 00:00 0 
7fadd48f6000-7fadd48f7000 ---p 00000000 00:00 0 
7fadd48f7000-7fadd49f7000 rw-p 00000000 00:00 0 
7fadd49f7000-7fadd49f8000 ---p 00000000 00:00 0 
7fadd49f8000-7fadd4b0d000 rw-p 00000000 00:00 0 
7fadd4b0d000-7fadd4c40000 ---p 00000000 00:00 0 
7fadd4c40000-7fadd4c53000 rw-p 00000000 00:00 0 
7fadd4c53000-7fadd5000000 ---p 00000000 00:00 0 
7fadd5000000-7fadd54b0000 rwxp 00000000 00:00 0 
7fadd54b0000-7fade4000000 ---p 00000000 00:00 0 
7fade4000000-7fade45bc000 rw-p 00000000 00:00 0 
7fade45bc000-7fade8000000 ---p 00000000 00:00 0 
7fade8000000-7fade8002000 r--s 00003000 08:01 5904361                    /home/g/.m2/repository/org/apache/logging/log4j/log4j-to-slf4j/2.10.0/log4j-to-slf4j-2.10.0.jar
7fade8002000-7fade80ae000 rw-p 00000000 00:00 0 
7fade80ae000-7fade81e0000 ---p 00000000 00:00 0 
7fade81e0000-7fade81f3000 rw-p 00000000 00:00 0 
7fade81f3000-7fade8284000 ---p 00000000 00:00 0 
7fade8284000-7fade8285000 rw-p 00000000 00:00 0 
7fade8285000-7fade82a0000 r-xp 00000000 08:01 5245808                    /usr/lib/jvm/java-8-oracle/jre/lib/amd64/libzip.so
7fade82a0000-7fade84a0000 ---p 0001b000 08:01 5245808                    /usr/lib/jvm/java-8-oracle/jre/lib/amd64/libzip.so
7fade84a0000-7fade84a1000 rw-p 0001b000 08:01 5245808                    /usr/lib/jvm/java-8-oracle/jre/lib/amd64/libzip.so
7fade84a1000-7fade84ac000 r-xp 00000000 08:01 6034182                    /lib/x86_64-linux-gnu/libnss_files-2.27.so
7fade84ac000-7fade86ab000 ---p 0000b000 08:01 6034182                    /lib/x86_64-linux-gnu/libnss_files-2.27.so
7fade86ab000-7fade86ac000 r--p 0000a000 08:01 6034182                    /lib/x86_64-linux-gnu/libnss_files-2.27.so
7fade86ac000-7fade86ad000 rw-p 0000b000 08:01 6034182                    /lib/x86_64-linux-gnu/libnss_files-2.27.so
7fade86ad000-7fade86b3000 rw-p 00000000 00:00 0 
7fade86b3000-7fade86ca000 r-xp 00000000 08:01 6034176                    /lib/x86_64-linux-gnu/libnsl-2.27.so
7fade86ca000-7fade88c9000 ---p 00017000 08:01 6034176                    /lib/x86_64-linux-gnu/libnsl-2.27.so
7fade88c9000-7fade88ca000 r--p 00016000 08:01 6034176                    /lib/x86_64-linux-gnu/libnsl-2.27.so
7fade88ca000-7fade88cb000 rw-p 00017000 08:01 6034176                    /lib/x86_64-linux-gnu/libnsl-2.27.so
7fade88cb000-7fade88cd000 rw-p 00000000 00:00 0 
7fade88cd000-7fade88d8000 r-xp 00000000 08:01 6034193                    /lib/x86_64-linux-gnu/libnss_nis-2.27.so
7fade88d8000-7fade8ad7000 ---p 0000b000 08:01 6034193                    /lib/x86_64-linux-gnu/libnss_nis-2.27.so
7fade8ad7000-7fade8ad8000 r--p 0000a000 08:01 6034193                    /lib/x86_64-linux-gnu/libnss_nis-2.27.so
7fade8ad8000-7fade8ad9000 rw-p 0000b000 08:01 6034193                    /lib/x86_64-linux-gnu/libnss_nis-2.27.so
7fade8ad9000-7fade8ae1000 r-xp 00000000 08:01 6034178                    /lib/x86_64-linux-gnu/libnss_compat-2.27.so
7fade8ae1000-7fade8ce1000 ---p 00008000 08:01 6034178                    /lib/x86_64-linux-gnu/libnss_compat-2.27.so
7fade8ce1000-7fade8ce2000 r--p 00008000 08:01 6034178                    /lib/x86_64-linux-gnu/libnss_compat-2.27.so
7fade8ce2000-7fade8ce3000 rw-p 00009000 08:01 6034178                    /lib/x86_64-linux-gnu/libnss_compat-2.27.so
7fade8ce3000-7fade8d0e000 r-xp 00000000 08:01 5245802                    /usr/lib/jvm/java-8-oracle/jre/lib/amd64/libjava.so
7fade8d0e000-7fade8f0d000 ---p 0002b000 08:01 5245802                    /usr/lib/jvm/java-8-oracle/jre/lib/amd64/libjava.so
7fade8f0d000-7fade8f0f000 rw-p 0002a000 08:01 5245802                    /usr/lib/jvm/java-8-oracle/jre/lib/amd64/libjava.so
7fade8f0f000-7fade8f1c000 r-xp 00000000 08:01 5245807                    /usr/lib/jvm/java-8-oracle/jre/lib/amd64/libverify.so
7fade8f1c000-7fade911c000 ---p 0000d000 08:01 5245807                    /usr/lib/jvm/java-8-oracle/jre/lib/amd64/libverify.so
7fade911c000-7fade911e000 rw-p 0000d000 08:01 5245807                    /usr/lib/jvm/java-8-oracle/jre/lib/amd64/libverify.so
7fade911e000-7fade9125000 r-xp 00000000 08:01 6034233                    /lib/x86_64-linux-gnu/librt-2.27.so
7fade9125000-7fade9324000 ---p 00007000 08:01 6034233                    /lib/x86_64-linux-gnu/librt-2.27.so
7fade9324000-7fade9325000 r--p 00006000 08:01 6034233                    /lib/x86_64-linux-gnu/librt-2.27.so
7fade9325000-7fade9326000 rw-p 00007000 08:01 6034233                    /lib/x86_64-linux-gnu/librt-2.27.so
7fade9326000-7fade94c3000 r-xp 00000000 08:01 6034155                    /lib/x86_64-linux-gnu/libm-2.27.so
7fade94c3000-7fade96c2000 ---p 0019d000 08:01 6034155                    /lib/x86_64-linux-gnu/libm-2.27.so
7fade96c2000-7fade96c3000 r--p 0019c000 08:01 6034155                    /lib/x86_64-linux-gnu/libm-2.27.so
7fade96c3000-7fade96c4000 rw-p 0019d000 08:01 6034155                    /lib/x86_64-linux-gnu/libm-2.27.so
7fade96c4000-7fadea39d000 r-xp 00000000 08:01 5245784                    /usr/lib/jvm/java-8-oracle/jre/lib/amd64/server/libjvm.so
7fadea39d000-7fadea59c000 ---p 00cd9000 08:01 5245784                    /usr/lib/jvm/java-8-oracle/jre/lib/amd64/server/libjvm.so
7fadea59c000-7fadea676000 rw-p 00cd8000 08:01 5245784                    /usr/lib/jvm/java-8-oracle/jre/lib/amd64/server/libjvm.so
7fadea676000-7fadea6c1000 rw-p 00000000 00:00 0 
7fadea6c1000-7fadea8a8000 r-xp 00000000 08:01 6034092                    /lib/x86_64-linux-gnu/libc-2.27.so
7fadea8a8000-7fadeaaa8000 ---p 001e7000 08:01 6034092                    /lib/x86_64-linux-gnu/libc-2.27.so
7fadeaaa8000-7fadeaaac000 r--p 001e7000 08:01 6034092                    /lib/x86_64-linux-gnu/libc-2.27.so
7fadeaaac000-7fadeaaae000 rw-p 001eb000 08:01 6034092                    /lib/x86_64-linux-gnu/libc-2.27.so
7fadeaaae000-7fadeaab2000 rw-p 00000000 00:00 0 
7fadeaab2000-7fadeaab5000 r-xp 00000000 08:01 6034115                    /lib/x86_64-linux-gnu/libdl-2.27.so
7fadeaab5000-7fadeacb4000 ---p 00003000 08:01 6034115                    /lib/x86_64-linux-gnu/libdl-2.27.so
7fadeacb4000-7fadeacb5000 r--p 00002000 08:01 6034115                    /lib/x86_64-linux-gnu/libdl-2.27.so
7fadeacb5000-7fadeacb6000 rw-p 00003000 08:01 6034115                    /lib/x86_64-linux-gnu/libdl-2.27.so
7fadeacb6000-7fadeaccc000 r-xp 00000000 08:01 2752572                    /usr/lib/jvm/java-8-oracle/lib/amd64/jli/libjli.so
7fadeaccc000-7fadeaecb000 ---p 00016000 08:01 2752572                    /usr/lib/jvm/java-8-oracle/lib/amd64/jli/libjli.so
7fadeaecb000-7fadeaecc000 rw-p 00015000 08:01 2752572                    /usr/lib/jvm/java-8-oracle/lib/amd64/jli/libjli.so
7fadeaecc000-7fadeaee6000 r-xp 00000000 08:01 6034225                    /lib/x86_64-linux-gnu/libpthread-2.27.so
7fadeaee6000-7fadeb0e5000 ---p 0001a000 08:01 6034225                    /lib/x86_64-linux-gnu/libpthread-2.27.so
7fadeb0e5000-7fadeb0e6000 r--p 00019000 08:01 6034225                    /lib/x86_64-linux-gnu/libpthread-2.27.so
7fadeb0e6000-7fadeb0e7000 rw-p 0001a000 08:01 6034225                    /lib/x86_64-linux-gnu/libpthread-2.27.so
7fadeb0e7000-7fadeb0eb000 rw-p 00000000 00:00 0 
7fadeb0eb000-7fadeb112000 r-xp 00000000 08:01 6034064                    /lib/x86_64-linux-gnu/ld-2.27.so
7fadeb113000-7fadeb114000 r--s 00000000 08:01 5904355                    /home/g/.m2/repository/org/springframework/boot/spring-boot-starter-logging/2.0.3.RELEASE/spring-boot-starter-logging-2.0.3.RELEASE.jar
7fadeb114000-7fadeb1fa000 rw-p 00000000 00:00 0 
7fadeb1fa000-7fadeb1fb000 ---p 00000000 00:00 0 
7fadeb1fb000-7fadeb1fe000 ---p 00000000 00:00 0 
7fadeb1fe000-7fadeb2ff000 rw-p 00000000 00:00 0 
7fadeb2ff000-7fadeb300000 r--s 00000000 08:01 5904341                    /home/g/.m2/repository/org/springframework/boot/spring-boot-starter/2.0.3.RELEASE/spring-boot-starter-2.0.3.RELEASE.jar
7fadeb300000-7fadeb303000 r--s 0001a000 08:01 3938515                    /usr/lib/jvm/java-8-oracle/jre/lib/jce.jar
7fadeb303000-7fadeb308000 r--s 0009d000 08:01 3938509                    /usr/lib/jvm/java-8-oracle/jre/lib/jsse.jar
7fadeb308000-7fadeb310000 rw-s 00000000 08:01 2758582                    /tmp/hsperfdata_g/29525
7fadeb310000-7fadeb311000 rw-p 00000000 00:00 0 
7fadeb311000-7fadeb312000 ---p 00000000 00:00 0 
7fadeb312000-7fadeb313000 r--p 00027000 08:01 6034064                    /lib/x86_64-linux-gnu/ld-2.27.so
7fadeb313000-7fadeb314000 rw-p 00028000 08:01 6034064                    /lib/x86_64-linux-gnu/ld-2.27.so
7fadeb314000-7fadeb315000 rw-p 00000000 00:00 0 
7ffd4477d000-7ffd4479f000 rw-p 00000000 00:00 0                          [stack]
7ffd447d8000-7ffd447db000 r--p 00000000 00:00 0                          [vvar]
7ffd447db000-7ffd447dd000 r-xp 00000000 00:00 0                          [vdso]
ffffffffff600000-ffffffffff601000 r-xp 00000000 00:00 0                  [vsyscall]

VM Arguments:
jvm_args: -Dfile.encoding=UTF-8 
java_command: com.gk.sudoku.SudokuApplication
java_class_path (initial): /usr/lib/jvm/java-8-oracle/jre/lib/resources.jar:/usr/lib/jvm/java-8-oracle/jre/lib/rt.jar:/usr/lib/jvm/java-8-oracle/jre/lib/jsse.jar:/usr/lib/jvm/java-8-oracle/jre/lib/jce.jar:/usr/lib/jvm/java-8-oracle/jre/lib/charsets.jar:/usr/lib/jvm/java-8-oracle/jre/lib/jfr.jar:/usr/lib/jvm/java-8-oracle/jre/lib/ext/sunec.jar:/usr/lib/jvm/java-8-oracle/jre/lib/ext/sunpkcs11.jar:/usr/lib/jvm/java-8-oracle/jre/lib/ext/localedata.jar:/usr/lib/jvm/java-8-oracle/jre/lib/ext/dnsns.jar:/usr/lib/jvm/java-8-oracle/jre/lib/ext/cldrdata.jar:/usr/lib/jvm/java-8-oracle/jre/lib/ext/zipfs.jar:/usr/lib/jvm/java-8-oracle/jre/lib/ext/nashorn.jar:/usr/lib/jvm/java-8-oracle/jre/lib/ext/jaccess.jar:/usr/lib/jvm/java-8-oracle/jre/lib/ext/jfxrt.jar:/usr/lib/jvm/java-8-oracle/jre/lib/ext/sunjce_provider.jar:/home/g/git/sudoku/target/classes:/home/g/.m2/repository/org/springframework/boot/spring-boot-starter/2.0.3.RELEASE/spring-boot-starter-2.0.3.RELEASE.jar:/home/g/.m2/repository/org/springframework/boot/spring-boot/2.0.3.RELEASE/spring-boot-2.0.3.RELEASE.jar:/home/g/.m2/repository/org/springframework/spring-context/5.0.7.RELEASE/spring-context-5.0.7.RELEASE.jar:/home/g/.m2/repository/org/springframework/spring-aop/5.0.7.RELEASE/spring-aop-5.0.7.RELEASE.jar:/home/g/.m2/repository/org/springframework/spring-beans/5.0.7.RELEASE/spring-beans-5.0.7.RELEASE.jar:/home/g/.m2/repository/org/springframework/spring-expression/5.0.7.RELEASE/spring-expression-5.0.7.RELEASE.jar:/home/g/.m2/repository/org/springframework/boot/spring-boot-autoconfigure/2.0.3.RELEASE/spring-boot-autoconfigure-2.0.3.RELEASE.jar:/home/g/.m2/repository/org/springframework/boot/spring-boot-starter-logging/2.0.3.RELEASE/spring-boot-starter-logging-2.0.3.RELEASE.jar:/home/g/.m2/repository/ch/qos/logback/logback-classic/1.2.3/logback-classic-1.2.3.jar:/home/g/.m2/repository/ch/qos/logback/logback-core/1.2.3/logback-core-1.2.3.jar:/home/g/.m2/repository/org/apache/logging/log4j/log4j-to-slf4j/2.10.0/log4j-to-s
Launcher Type: SUN_STANDARD

Environment Variables:
JAVA_HOME=/usr/lib/jvm/java-8-oracle
PATH=/home/g/bin:/usr/local/sbin:/usr/local/bin:/usr/sbin:/usr/bin:/sbin:/bin:/usr/games:/usr/local/games:/snap/bin:/usr/lib/jvm/java-8-oracle/bin:/usr/lib/jvm/java-8-oracle/db/bin:/usr/lib/jvm/java-8-oracle/jre/bin
USERNAME=g
SHELL=/bin/bash
DISPLAY=:0

Signal Handlers:
SIGSEGV: [libjvm.so+0xad0890], sa_mask[0]=11111111011111111101111111111110, sa_flags=SA_RESTART|SA_SIGINFO
SIGBUS: [libjvm.so+0xad0890], sa_mask[0]=11111111011111111101111111111110, sa_flags=SA_RESTART|SA_SIGINFO
SIGFPE: [libjvm.so+0x928640], sa_mask[0]=11111111011111111101111111111110, sa_flags=SA_RESTART|SA_SIGINFO
SIGPIPE: [libjvm.so+0x928640], sa_mask[0]=11111111011111111101111111111110, sa_flags=SA_RESTART|SA_SIGINFO
SIGXFSZ: [libjvm.so+0x928640], sa_mask[0]=11111111011111111101111111111110, sa_flags=SA_RESTART|SA_SIGINFO
SIGILL: [libjvm.so+0x928640], sa_mask[0]=11111111011111111101111111111110, sa_flags=SA_RESTART|SA_SIGINFO
SIGUSR1: SIG_DFL, sa_mask[0]=00000000000000000000000000000000, sa_flags=none
SIGUSR2: [libjvm.so+0x929ea0], sa_mask[0]=00100000000000000000000000000000, sa_flags=SA_RESTART|SA_SIGINFO
SIGHUP: [libjvm.so+0x92b2a0], sa_mask[0]=11111111011111111101111111111110, sa_flags=SA_RESTART|SA_SIGINFO
SIGINT: [libjvm.so+0x92b2a0], sa_mask[0]=11111111011111111101111111111110, sa_flags=SA_RESTART|SA_SIGINFO
SIGTERM: [libjvm.so+0x92b2a0], sa_mask[0]=11111111011111111101111111111110, sa_flags=SA_RESTART|SA_SIGINFO
SIGQUIT: [libjvm.so+0x92b2a0], sa_mask[0]=11111111011111111101111111111110, sa_flags=SA_RESTART|SA_SIGINFO


---------------  S Y S T E M  ---------------

OS:DISTRIB_ID=Ubuntu
DISTRIB_RELEASE=18.04
DISTRIB_CODENAME=bionic
DISTRIB_DESCRIPTION="Ubuntu 18.04 LTS"

uname:Linux 4.15.0-24-generic #26-Ubuntu SMP Wed Jun 13 08:44:47 UTC 2018 x86_64
libc:glibc 2.27 NPTL 2.27 
rlimit: STACK 8192k, CORE 0k, NPROC 15455, NOFILE 1048576, AS infinity
load average:1.17 0.92 0.66

/proc/meminfo:
MemTotal:        4015684 kB
MemFree:           86524 kB
MemAvailable:          0 kB
Buffers:             424 kB
Cached:             8852 kB
SwapCached:         8088 kB
Active:          1936528 kB
Inactive:         486544 kB
Active(anon):    1934968 kB
Inactive(anon):   483936 kB
Active(file):       1560 kB
Inactive(file):     2608 kB
Unevictable:          64 kB
Mlocked:              64 kB
SwapTotal:       2097148 kB
SwapFree:              0 kB
Dirty:                28 kB
Writeback:           128 kB
AnonPages:       2406300 kB
Mapped:             6932 kB
Shmem:              4840 kB
Slab:             123252 kB
SReclaimable:      49076 kB
SUnreclaim:        74176 kB
KernelStack:       14080 kB
PageTables:        55692 kB
NFS_Unstable:          0 kB
Bounce:                0 kB
WritebackTmp:          0 kB
CommitLimit:     4104988 kB
Committed_AS:    7230808 kB
VmallocTotal:   34359738367 kB
VmallocUsed:           0 kB
VmallocChunk:          0 kB
HardwareCorrupted:     0 kB
AnonHugePages:         0 kB
ShmemHugePages:        0 kB
ShmemPmdMapped:        0 kB
CmaTotal:              0 kB
CmaFree:               0 kB
HugePages_Total:       0
HugePages_Free:        0
HugePages_Rsvd:        0
HugePages_Surp:        0
Hugepagesize:       2048 kB
DirectMap4k:      343872 kB
DirectMap2M:     3850240 kB
DirectMap1G:     2097152 kB


CPU:total 4 (initial active 4) (1 cores per cpu, 1 threads per core) family 6 model 142 stepping 9, cmov, cx8, fxsr, mmx, sse, sse2, sse3, ssse3, sse4.1, sse4.2, popcnt, avx, avx2, aes, clmul, erms, 3dnowpref, lzcnt, tsc, tscinvbit, bmi1, bmi2, adx

/proc/cpuinfo:
processor	: 0
vendor_id	: GenuineIntel
cpu family	: 6
model		: 142
model name	: Intel(R) Core(TM) i7-7500U CPU @ 2.70GHz
stepping	: 9
microcode	: 0x70
cpu MHz		: 2903.995
cache size	: 4096 KB
physical id	: 0
siblings	: 1
core id		: 0
cpu cores	: 1
apicid		: 0
initial apicid	: 0
fpu		: yes
fpu_exception	: yes
cpuid level	: 22
wp		: yes
flags		: fpu vme de pse tsc msr pae mce cx8 apic sep mtrr pge mca cmov pat pse36 clflush mmx fxsr sse sse2 ss syscall nx pdpe1gb rdtscp lm constant_tsc arch_perfmon nopl xtopology tsc_reliable nonstop_tsc cpuid pni pclmulqdq vmx ssse3 fma cx16 pcid sse4_1 sse4_2 x2apic movbe popcnt tsc_deadline_timer aes xsave avx f16c rdrand hypervisor lahf_lm abm 3dnowprefetch cpuid_fault invpcid_single pti tpr_shadow vnmi ept vpid fsgsbase tsc_adjust bmi1 avx2 smep bmi2 invpcid mpx rdseed adx smap clflushopt xsaveopt xsavec xsaves arat
bugs		: cpu_meltdown spectre_v1 spectre_v2 spec_store_bypass
bogomips	: 5807.99
clflush size	: 64
cache_alignment	: 64
address sizes	: 43 bits physical, 48 bits virtual
power management:

processor	: 1
vendor_id	: GenuineIntel
cpu family	: 6
model		: 142
model name	: Intel(R) Core(TM) i7-7500U CPU @ 2.70GHz
stepping	: 9
microcode	: 0x70
cpu MHz		: 2903.995
cache size	: 4096 KB
physical id	: 2
siblings	: 1
core id		: 0
cpu cores	: 1
apicid		: 2
initial apicid	: 2
fpu		: yes
fpu_exception	: yes
cpuid level	: 22
wp		: yes
flags		: fpu vme de pse tsc msr pae mce cx8 apic sep mtrr pge mca cmov pat pse36 clflush mmx fxsr sse sse2 ss syscall nx pdpe1gb rdtscp lm constant_tsc arch_perfmon nopl xtopology tsc_reliable nonstop_tsc cpuid pni pclmulqdq vmx ssse3 fma cx16 pcid sse4_1 sse4_2 x2apic movbe popcnt tsc_deadline_timer aes xsave avx f16c rdrand hypervisor lahf_lm abm 3dnowprefetch cpuid_fault invpcid_single pti tpr_shadow vnmi ept vpid fsgsbase tsc_adjust bmi1 avx2 smep bmi2 invpcid mpx rdseed adx smap clflushopt xsaveopt xsavec xsaves arat
bugs		: cpu_meltdown spectre_v1 spectre_v2 spec_store_bypass
bogomips	: 5807.99
clflush size	: 64
cache_alignment	: 64
address sizes	: 43 bits physical, 48 bits virtual
power management:

processor	: 2
vendor_id	: GenuineIntel
cpu family	: 6
model		: 142
model name	: Intel(R) Core(TM) i7-7500U CPU @ 2.70GHz
stepping	: 9
microcode	: 0x70
cpu MHz		: 2903.995
cache size	: 4096 KB
physical id	: 4
siblings	: 1
core id		: 0
cpu cores	: 1
apicid		: 4
initial apicid	: 4
fpu		: yes
fpu_exception	: yes
cpuid level	: 22
wp		: yes
flags		: fpu vme de pse tsc msr pae mce cx8 apic sep mtrr pge mca cmov pat pse36 clflush mmx fxsr sse sse2 ss syscall nx pdpe1gb rdtscp lm constant_tsc arch_perfmon nopl xtopology tsc_reliable nonstop_tsc cpuid pni pclmulqdq vmx ssse3 fma cx16 pcid sse4_1 sse4_2 x2apic movbe popcnt tsc_deadline_timer aes xsave avx f16c rdrand hypervisor lahf_lm abm 3dnowprefetch cpuid_fault invpcid_single pti tpr_shadow vnmi ept vpid fsgsbase tsc_adjust bmi1 avx2 smep bmi2 invpcid mpx rdseed adx smap clflushopt xsaveopt xsavec xsaves arat
bugs		: cpu_meltdown spectre_v1 spectre_v2 spec_store_bypass
bogomips	: 5807.99
clflush size	: 64
cache_alignment	: 64
address sizes	: 43 bits physical, 48 bits virtual
power management:

processor	: 3
vendor_id	: GenuineIntel
cpu family	: 6
model		: 142
model name	: Intel(R) Core(TM) i7-7500U CPU @ 2.70GHz
stepping	: 9
microcode	: 0x70
cpu MHz		: 2903.995
cache size	: 4096 KB
physical id	: 6
siblings	: 1
core id		: 0
cpu cores	: 1
apicid		: 6
initial apicid	: 6
fpu		: yes
fpu_exception	: yes
cpuid level	: 22
wp		: yes
flags		: fpu vme de pse tsc msr pae mce cx8 apic sep mtrr pge mca cmov pat pse36 clflush mmx fxsr sse sse2 ss syscall nx pdpe1gb rdtscp lm constant_tsc arch_perfmon nopl xtopology tsc_reliable nonstop_tsc cpuid pni pclmulqdq vmx ssse3 fma cx16 pcid sse4_1 sse4_2 x2apic movbe popcnt tsc_deadline_timer aes xsave avx f16c rdrand hypervisor lahf_lm abm 3dnowprefetch cpuid_fault invpcid_single pti tpr_shadow vnmi ept vpid fsgsbase tsc_adjust bmi1 avx2 smep bmi2 invpcid mpx rdseed adx smap clflushopt xsaveopt xsavec xsaves arat
bugs		: cpu_meltdown spectre_v1 spectre_v2 spec_store_bypass
bogomips	: 5807.99
clflush size	: 64
cache_alignment	: 64
address sizes	: 43 bits physical, 48 bits virtual
power management:



Memory: 4k page, physical 4015684k(86524k free), swap 2097148k(0k free)

vm_info: Java HotSpot(TM) 64-Bit Server VM (25.171-b11) for linux-amd64 JRE (1.8.0_171-b11), built on Mar 28 2018 17:07:08 by "java_re" with gcc 4.3.0 20080428 (Red Hat 4.3.0-8)

time: Wed Jul 11 00:37:19 2018
elapsed time: 4 seconds (0d 0h 0m 4s)

